============================================================
  Generated by:           Genus(TM) Synthesis Solution GENUS15.22 - 15.20-s024_1
  Generated on:           Mar 02 2023  07:08:10 pm
  Module:                 neo430_top
  Interconnect mode:      global
  Area mode:              physical library
============================================================

Timing
--------

Clock  Period 
--------------
clk_i 10000.0 


         Cost           Critical       Violating 
        Group          Path Slack TNS    Paths   
-------------------------------------------------
C2C                        6123.4   0          0 
C2O                      No paths   0            
cg_enable_group_clk_i      1578.8   0          0 
clk_i                      4721.0   0          0 
default                  No paths   0            
I2C                        9307.7   0          0 
I2O                      No paths   0            
-------------------------------------------------
Total                               0          0 

Instance Count
--------------
Leaf Instance Count             101508 
Sequential Instance Count        56809 
Combinational Instance Count     44699 
Hierarchical Instance Count       6252 

Area
----
Cell Area                          4446400.269
Physical Cell Area                 0.000
Total Cell Area (Cell+Physical)    4446400.269
Net Area                           845.702
Total Area (Cell+Physical+Net)     4447245.971

Runtime                            29.000 seconds
Elapsed Runtime                    406 seconds
Genus peak memory usage            1614.87 
Innovus peak memory usage          no_value 
Hostname                           pgmicro04
