Command: report datapath > reports_Mar02-19:02:17/generic/neo430_top_datapath.rpt
============================================================
  Generated by:           Genus(TM) Synthesis Solution GENUS15.22 - 15.20-s024_1
  Generated on:           Mar 02 2023  07:07:58 pm
  Module:                 neo430_top
  Interconnect mode:      global
  Area mode:              physical library
============================================================


Inferred components

                Operator Signedness Inputs Outputs CellArea 
============================================================
neo430_top
 neo430_cpu_inst
  neo430_addr_gen_inst
   add_80_51
    
    module:add_unsigned_259
     very_fast     +     unsigned   16x16  16       2375.37 
============================================================
neo430_top
 neo430_freq_gen_inst_true.neo430_freq_gen_inst
  add_159_78_I1
   
   module:add_unsigned_365_6592
    very_fast      +     unsigned   17x17  17       2604.22 
============================================================
neo430_top
 neo430_freq_gen_inst_true.neo430_freq_gen_inst
  add_159_78_I2
   
   module:add_unsigned_365_6592
    very_fast      +     unsigned   17x17  17       2604.22 
============================================================
neo430_top
 neo430_freq_gen_inst_true.neo430_freq_gen_inst
  add_159_78_I3
   
   module:add_unsigned_365_6592
    very_fast      +     unsigned   17x17  17       2604.22 
============================================================
neo430_top
 neo430_muldiv_inst_true.neo430_muldiv_inst
  add_199_78
   
   module:add_unsigned_365
    very_fast      +     unsigned   17x17  17       2651.57 
============================================================
neo430_top
 neo430_muldiv_inst_true.neo430_muldiv_inst
  sub_190_86
   
   module:sub_unsigned
    very_fast      -     unsigned   17x16  17       2722.60 
============================================================
neo430_top
 neo430_muldiv_inst_true.neo430_muldiv_inst
  sub_197_78
   
   module:sub_unsigned_363
    very_fast      -     unsigned   17x17  17       2793.62 
============================================================
neo430_top
 neo430_wdt_inst_true.neo430_wdt_inst
  inc_add_157_75_13
   
   module:increment_unsigned_6801
    very_fast  increment unsigned   17x1   17        939.10 
------------------------------------------------------------
    add_157_75     +     unsigned   17x1   17               
============================================================

      Type        CellArea  Percentage 
---------------------------------------
datapath modules   19294.91       0.43 
external muxes         0.00       0.00 
others           4427105.36      99.57 
---------------------------------------
total            4446400.27     100.00 

