

Working Directory = /home/inf01185/leonardo.abreu/cci2/neo430-cci2/synthesis
QoS Summary for neo430_top
========================================================================================
Metric                  generic    map        syn_opt    syn_opt_low_incr final     
========================================================================================
Slack (ps):                  0.0        0.0        0.0        0.0        0.0
  R2R (ps):                  0.0        0.0        0.0        0.0        0.0
  I2R (ps):               2133.0     1907.3     1901.3     1901.3     1901.3
  R2O (ps):             no_value   no_value   no_value   no_value   no_value
  I2O (ps):             no_value   no_value   no_value   no_value   no_value
  CG  (ps):               1299.8      936.3      987.0      987.0      987.0
TNS (ps):                      0          0          0          0          0
  R2R (ps):                  0.0        0.0        0.0        0.0        0.0
  I2R (ps):                  0.0        0.0        0.0        0.0        0.0
  R2O (ps):             no_value   no_value   no_value   no_value   no_value
  I2O (ps):             no_value   no_value   no_value   no_value   no_value
  CG  (ps):                  0.0        0.0        0.0        0.0        0.0
Failing Paths:                 0          0          0          0          0
Area:                    4446899    3792402    3788205    3788205    3788205
Instances:                101503     113405     112933     112933     112933
Utilization (%):            0.00       0.00       0.00       0.00       0.00
Tot. Net Length (um):   no_value   no_value   no_value   no_value   no_value
Avg. Net Length (um):   no_value   no_value   no_value   no_value   no_value
Total Overflow H:              0          0          0          0          0
Total Overflow V:              0          0          0          0          0
Route Overflow H (%):   no_value   no_value   no_value   no_value   no_value
Route Overflow V (%):   no_value   no_value   no_value   no_value   no_value
========================================================================================
CPU  Runtime (m:s):        04:46      27:09      03:15      00:56      08:15
Real Runtime (m:s):        06:04      46:47      03:41      01:17      08:41
CPU  Elapsed (m:s):        04:55      32:04      35:19      36:15      44:30
Real Elapsed (m:s):        06:06      52:53      56:34      57:51      66:32
Memory (MB):             1597.31    1691.98    1691.98    1691.98    1693.48
========================================================================================

========================================================================================
Flow Settings:
========================================================================================
Total Runtime (m:s): 66:49
Total Memory (MB):   1686.88
Executable Version:  15.22
========================================================================================


