============================================================
  Generated by:           Genus(TM) Synthesis Solution GENUS15.22 - 15.20-s024_1
  Generated on:           Feb 22 2023  12:45:04 pm
  Module:                 neo430_top
  Interconnect mode:      global
  Area mode:              physical library
============================================================


Path 1: MET (4 ps) Setup Check with Pin neo430_imem_inst/rdata_reg[1]/C->D
          Group: C2C
     Startpoint: (R) neo430_cpu_inst_neo430_control_inst_ctrl_reg[1]/C
          Clock: (R) clk_i
       Endpoint: (F) neo430_imem_inst/rdata_reg[1]/D
          Clock: (R) clk_i

                     Capture       Launch     
        Clock Edge:+    5000            0     
       Src Latency:+       0            0     
       Net Latency:+       0 (I)        0 (I) 
           Arrival:=    5000            0     
                                              
             Setup:-     136                  
     Required Time:=    4864                  
      Launch Clock:-       0                  
         Data Path:-    4860                  
             Slack:=       4                  

#------------------------------------------------------------------------------------------------------------------
#                   Timing Point                    Flags   Arc   Edge   Cell     Fanout  Load Trans Delay Arrival 
#                                                                                         (fF)  (ps)  (ps)   (ps)  
#------------------------------------------------------------------------------------------------------------------
  neo430_cpu_inst_neo430_control_inst_ctrl_reg[1]/C -       -     R     (arrival)  12844     -     0     -       0 
  neo430_cpu_inst_neo430_control_inst_ctrl_reg[1]/Q -       C->Q  F     DFRX4          2  34.1    97   263     263 
  g11813/Q                                          -       A->Q  R     INX2           2  23.4    77    64     327 
  g11742/Q                                          -       A->Q  F     INX1           2  31.8   144   106     433 
  g11725/Q                                          -       B->Q  F     AND2X4         5  50.6    77   161     594 
  g11662/Q                                          -       A->Q  F     AND2X4         9  75.5   100   146     739 
  g11529/Q                                          -       A->Q  R     NA2X2          1  15.0   114    80     819 
  g11329/Q                                          -       B->Q  F     NA2X2          1  23.4    91    73     893 
  g11255/Q                                          -       B->Q  R     NO2X4          1  18.7   101    86     979 
  g11226/Q                                          -       A->Q  F     NA3X4          2  24.3    95    62    1041 
  g11198/Q                                          -       A->Q  R     NA2X4          1  18.0   108    66    1106 
  g11187/Q                                          -       A->Q  F     NA2X4          1  56.0   119    79    1185 
  g11181/Q                                          -       A->Q  F     BUX20        133 909.5   200   199    1384 
  neo430_imem_inst/g200303/Q                        -       AN->Q F     NO2I1X2        2  21.1    86   185    1569 
  neo430_imem_inst/g200292/Q                        -       A->Q  R     INX1           1  12.4    84    68    1636 
  neo430_imem_inst/g200256/Q                        -       A->Q  F     NO2X2          7  74.7   189   119    1756 
  neo430_imem_inst/g200244/Q                        -       A->Q  R     INX1           2  21.1   139   114    1870 
  neo430_imem_inst/g199339/Q                        -       A->Q  R     OR2X4         59 410.3   797   490    2360 
  neo430_imem_inst/g200358/Q                        -       A->Q  F     INX1           7  50.4   345   266    2626 
  neo430_imem_inst/g547163/Q                        -       A->Q  F     AND2X1        16 103.5   433   424    3050 
  neo430_imem_inst/g507814/Q                        -       A->Q  F     AO22X1         1   9.9    97   315    3365 
  neo430_imem_inst/g499203/Q                        -       E->Q  R     AN221X1        1   8.6   317   159    3524 
  neo430_imem_inst/g496023/Q                        -       A->Q  R     AND6X1         1   8.6   160   229    3753 
  neo430_imem_inst/g494835/Q                        -       A->Q  R     AND6X1         1   8.6   161   208    3960 
  neo430_imem_inst/g494498/Q                        -       A->Q  R     AND6X1         1   8.7   162   208    4169 
  neo430_imem_inst/g494260/Q                        -       D->Q  R     AND6X1         1   8.7   160   220    4389 
  neo430_imem_inst/g494212/Q                        -       D->Q  R     AND6X1         1   8.7   160   220    4608 
  neo430_imem_inst/g494190/Q                        -       A->Q  F     NA6X1          1   9.7    82   252    4860 
  neo430_imem_inst/rdata_reg[1]/D                   -       -     F     DFRQX1         1     -     -     0    4860 
#------------------------------------------------------------------------------------------------------------------

