============================================================
  Generated by:           Genus(TM) Synthesis Solution GENUS15.22 - 15.20-s024_1
  Generated on:           Feb 22 2023  12:45:05 pm
  Module:                 neo430_top
  Interconnect mode:      global
  Area mode:              physical library
============================================================


Path 1: MET (0 ps)
          Group: cg_enable_group_clk_i
     Startpoint: (R) neo430_cpu_inst_neo430_control_inst_ctrl_reg[17]/C
          Clock: (R) clk_i
       Endpoint: (R) neo430_wdt_inst_true.neo430_wdt_inst_RC_CG_HIER_INST6223/enl_reg/D
          Clock: (F) clk_i

                     Capture       Launch     
        Clock Edge:+    2500            0     
       Src Latency:+       0            0     
       Net Latency:+       0 (I)        0 (I) 
           Arrival:=    2500            0     
                                              
     Required Time:=    2500                  
      Launch Clock:-       0                  
         Data Path:-    3802                  
             Slack:=       0                  

#------------------------------------------------------------------------------------------------------------------------------------
#                           Timing Point                             Flags    Arc   Edge   Cell     Fanout  Load Trans Delay Arrival 
#                                                                                                           (fF)  (ps)  (ps)   (ps)  
#------------------------------------------------------------------------------------------------------------------------------------
  neo430_cpu_inst_neo430_control_inst_ctrl_reg[17]/C                 -       -      R     (arrival)      4     -     0     -       0 
  neo430_cpu_inst_neo430_control_inst_ctrl_reg[17]/Q                 -       C->Q   R     DFRQX2         9  76.8   339   415     415 
  neo430_cpu_inst_neo430_alu_inst_g6612/Q                            -       A->Q   F     NA2X2          2  25.3   142    99     514 
  neo430_cpu_inst_neo430_alu_inst_g6598/Q                            -       A->Q   R     NA2X4          4  48.3   146   111     625 
  neo430_cpu_inst_neo430_alu_inst_g6592/Q                            -       A->Q   F     INX3           6  55.1   110    90     715 
  g101172/Q                                                          -       A->Q   F     OA22X4         2  16.5    73   171     886 
  neo430_cpu_inst_neo430_alu_inst_g6643/Q                            -       AN->Q  F     NA2I1X1        2  21.2   153   187    1073 
  neo430_cpu_inst_neo430_alu_inst_g6432/Q                            -       B->Q   R     NA2X2          2  21.9   142   121    1195 
  neo430_cpu_inst_neo430_alu_inst_g6415/Q                            -       A->Q   F     NA2X2          1  12.3    82    54    1249 
  neo430_cpu_inst_neo430_alu_inst_g6413/Q                            -       A->Q   R     NA2X2          2  22.0   146    91    1340 
  neo430_cpu_inst_neo430_alu_inst_g6409/Q                            -       A->Q   F     NO2X2          1  12.4    82    50    1390 
  neo430_cpu_inst_neo430_alu_inst_g6408/Q                            -       A->Q   R     NO2X2          2  18.5   152    97    1487 
  neo430_cpu_inst_neo430_alu_inst_g6404/Q                            -       A->Q   F     NA2X2          3  24.4   108    78    1565 
  neo430_cpu_inst_neo430_alu_inst_g6401/Q                            -       A->Q   R     NO2X2          1  18.1   148   102    1666 
  neo430_cpu_inst_neo430_alu_inst_g6399/Q                            -       A->Q   F     NO2X4          2  26.9   104    52    1718 
  neo430_cpu_inst_neo430_alu_inst_g6394/Q                            -       A->Q   R     NO2X4          1  18.1   103    76    1794 
  neo430_cpu_inst_neo430_alu_inst_g6392/Q                            -       A->Q   F     NO2X4          2  28.5   102    51    1845 
  neo430_cpu_inst_neo430_alu_inst_g6387/Q                            -       A->Q   R     NO2X4          1  18.1   109    75    1920 
  neo430_cpu_inst_neo430_alu_inst_g6385/Q                            -       A->Q   F     NO2X4          2  21.9    94    46    1966 
  neo430_cpu_inst_neo430_alu_inst_g6371/Q                            -       A->Q   F     EN2X1          1  10.4   124   170    2136 
  g101171/Q                                                          -       A->Q   R     ON211X1        4  28.2   408   248    2383 
  g12432/Q                                                           -       IN0->Q R     MU2X1         16 101.4   839   588    2971 
  g12112/Q                                                           -       A->Q   R     AND3X1         1  10.6   137   216    3186 
  g12072/Q                                                           -       B->Q   F     NA2X1          2  18.2   150    96    3282 
  g12695/Q                                                           -       B->Q   R     NO2I1X1        1  14.8   214   157    3439 
  g11937/Q                                                           -       B->Q   F     NA2I1X2        3  45.8   164   119    3558 
  g11888/Q                                                           -       A->Q   R     NA2X1          1   8.7   146   104    3662 
  neo430_wdt_inst_true.neo430_wdt_inst_RC_CG_HIER_INST6223/g7/Q      -       A->Q   R     OR2X1          1   9.4   109   140    3802 
  neo430_wdt_inst_true.neo430_wdt_inst_RC_CG_HIER_INST6223/enl_reg/D -       -      R     DLLQX1         1     -     -     0    3802 
#------------------------------------------------------------------------------------------------------------------------------------

