###############################################################
#  Generated by:      Cadence Innovus 16.17-s018_1
#  OS:                Linux x86_64(Host ID pgmicro04)
#  Generated on:      Tue Mar  7 19:41:43 2023
#  Design:            neo430_top
#  Command:           check_design -all
###############################################################
Design: neo430_top

------ Design Summary:
Total Standard Cell Number   (cells) : 172194
Total Block Cell Number      (cells) : 0
Total I/O Pad Cell Number    (cells) : 0
Total Standard Cell Area     ( um^2) : 4000163.33
Total Block Cell Area        ( um^2) : 0.00
Total I/O Pad Cell Area      ( um^2) : 0.00

------ Design Statistics:

Number of Instances            : 172194
Number of Non-uniquified Insts : 172161
Number of Nets                 : 119772
Average number of Pins per Net : 3.52
Maximum number of Pins in Net  : 12845

------ I/O Port summary

Number of Primary I/O Ports    : 174
Number of Input Ports          : 61
Number of Output Ports         : 111
Number of Bidirectional Ports  : 2
Number of Power/Ground Ports   : 0



------------------------------------------------------------
Detail report:


------ I/O Pad/Port Checking


