============================================================
  Generated by:           Genus(TM) Synthesis Solution GENUS15.22 - 15.20-s024_1
  Generated on:           Feb 22 2023  12:41:07 pm
  Module:                 neo430_top
  Interconnect mode:      global
  Area mode:              physical library
============================================================

                                 
  Gate    Instances     Area                 Library            
----------------------------------------------------------------
AN211X0           3       46.116    D_CELLS_MOSST_typ_1_80V_25C 
AN211X1         363     6696.043    D_CELLS_MOSST_typ_1_80V_25C 
AN21X1          200     2459.520    D_CELLS_MOSST_typ_1_80V_25C 
AN221X0          13      239.803    D_CELLS_MOSST_typ_1_80V_25C 
AN221X1        6293   135430.394    D_CELLS_MOSST_typ_1_80V_25C 
AN222X0          16      344.333    D_CELLS_MOSST_typ_1_80V_25C 
AN222X1         588    14461.978    D_CELLS_MOSST_typ_1_80V_25C 
AN22X1        10889   167385.708    D_CELLS_MOSST_typ_1_80V_25C 
AN311X0           1       18.446    D_CELLS_MOSST_typ_1_80V_25C 
AN311X1           3       64.562    D_CELLS_MOSST_typ_1_80V_25C 
AN31X1           66     1014.552    D_CELLS_MOSST_typ_1_80V_25C 
AN321X1          10      245.952    D_CELLS_MOSST_typ_1_80V_25C 
AN32X1           11      202.910    D_CELLS_MOSST_typ_1_80V_25C 
AN33X1            7      150.646    D_CELLS_MOSST_typ_1_80V_25C 
AND2X1         7128    87657.293    D_CELLS_MOSST_typ_1_80V_25C 
AND2X2           32      590.285    D_CELLS_MOSST_typ_1_80V_25C 
AND2X4           14      387.374    D_CELLS_MOSST_typ_1_80V_25C 
AND3X1           69     1060.668    D_CELLS_MOSST_typ_1_80V_25C 
AND3X2            3       64.562    D_CELLS_MOSST_typ_1_80V_25C 
AND3X4            2       67.637    D_CELLS_MOSST_typ_1_80V_25C 
AND4X1           32      787.046    D_CELLS_MOSST_typ_1_80V_25C 
AND4X2            1       30.744    D_CELLS_MOSST_typ_1_80V_25C 
AND5X1           34      940.766    D_CELLS_MOSST_typ_1_80V_25C 
AND6X1         3087    94906.728    D_CELLS_MOSST_typ_1_80V_25C 
AO211X0           2       36.893    D_CELLS_MOSST_typ_1_80V_25C 
AO211X1          10      215.208    D_CELLS_MOSST_typ_1_80V_25C 
AO21X0           17      261.324    D_CELLS_MOSST_typ_1_80V_25C 
AO21X1           69     1272.802    D_CELLS_MOSST_typ_1_80V_25C 
AO21X2            1       24.595    D_CELLS_MOSST_typ_1_80V_25C 
AO21X4            1       27.670    D_CELLS_MOSST_typ_1_80V_25C 
AO221X1          90     2213.568    D_CELLS_MOSST_typ_1_80V_25C 
AO221X2           1       33.818    D_CELLS_MOSST_typ_1_80V_25C 
AO222X0           6      147.571    D_CELLS_MOSST_typ_1_80V_25C 
AO222X1          93     2573.273    D_CELLS_MOSST_typ_1_80V_25C 
AO22X0           22      405.821    D_CELLS_MOSST_typ_1_80V_25C 
AO22X1         5219   112317.055    D_CELLS_MOSST_typ_1_80V_25C 
AO22X2            2       55.339    D_CELLS_MOSST_typ_1_80V_25C 
AO311X1           1       21.521    D_CELLS_MOSST_typ_1_80V_25C 
AO31X1           24      516.499    D_CELLS_MOSST_typ_1_80V_25C 
AO321X1           3       83.009    D_CELLS_MOSST_typ_1_80V_25C 
AO32X1            3       73.786    D_CELLS_MOSST_typ_1_80V_25C 
BUCX16           15     1014.552    D_CELLS_MOSST_typ_1_80V_25C 
BUCX4             1       24.595    D_CELLS_MOSST_typ_1_80V_25C 
BUCX6             1       33.818    D_CELLS_MOSST_typ_1_80V_25C 
BUCX8             1       39.967    D_CELLS_MOSST_typ_1_80V_25C 
BUX1             49      602.582    D_CELLS_MOSST_typ_1_80V_25C 
BUX12             3      184.464    D_CELLS_MOSST_typ_1_80V_25C 
BUX2             41      630.252    D_CELLS_MOSST_typ_1_80V_25C 
BUX20             4      393.523    D_CELLS_MOSST_typ_1_80V_25C 
BUX3              5      107.604    D_CELLS_MOSST_typ_1_80V_25C 
BUX4             11      270.547    D_CELLS_MOSST_typ_1_80V_25C 
BUX6              1       33.818    D_CELLS_MOSST_typ_1_80V_25C 
BUX8              1       43.042    D_CELLS_MOSST_typ_1_80V_25C 
DFRQX1        47895  2503222.596    D_CELLS_MOSST_typ_1_80V_25C 
DFRQX2           99     5478.581    D_CELLS_MOSST_typ_1_80V_25C 
DFRQX4            6      424.267    D_CELLS_MOSST_typ_1_80V_25C 
DFRRQX1          14      860.832    D_CELLS_MOSST_typ_1_80V_25C 
DFRRQX2           2      129.125    D_CELLS_MOSST_typ_1_80V_25C 
DFRRQX4           2      166.018    D_CELLS_MOSST_typ_1_80V_25C 
DFRRX1            1       64.562    D_CELLS_MOSST_typ_1_80V_25C 
DFRRX4            1       92.232    D_CELLS_MOSST_typ_1_80V_25C 
DFRX1          2457   135968.414    D_CELLS_MOSST_typ_1_80V_25C 
DFRX4             3      249.026    D_CELLS_MOSST_typ_1_80V_25C 
DLLQX1         6223   229583.894    D_CELLS_MOSST_typ_1_80V_25C 
EN2X0            39      599.508    D_CELLS_MOSST_typ_1_80V_25C 
EN2X1            28      602.582    D_CELLS_MOSST_typ_1_80V_25C 
EN3X1             1       39.967    D_CELLS_MOSST_typ_1_80V_25C 
EO2X0             2       30.744    D_CELLS_MOSST_typ_1_80V_25C 
EO2X1            74     1592.539    D_CELLS_MOSST_typ_1_80V_25C 
EO3X0             2       55.339    D_CELLS_MOSST_typ_1_80V_25C 
EO3X1             6      239.803    D_CELLS_MOSST_typ_1_80V_25C 
FAX0              1       52.265    D_CELLS_MOSST_typ_1_80V_25C 
FAX1             58     3387.989    D_CELLS_MOSST_typ_1_80V_25C 
FAX2              7      451.937    D_CELLS_MOSST_typ_1_80V_25C 
HAX1             52     1598.688    D_CELLS_MOSST_typ_1_80V_25C 
HAX2              1       36.893    D_CELLS_MOSST_typ_1_80V_25C 
INCX12            4      233.654    D_CELLS_MOSST_typ_1_80V_25C 
INCX16            7      516.499    D_CELLS_MOSST_typ_1_80V_25C 
INCX20            2      172.166    D_CELLS_MOSST_typ_1_80V_25C 
INX0              2       12.298    D_CELLS_MOSST_typ_1_80V_25C 
INX1           1122     6898.954    D_CELLS_MOSST_typ_1_80V_25C 
INX12             7      408.895    D_CELLS_MOSST_typ_1_80V_25C 
INX16             2      147.571    D_CELLS_MOSST_typ_1_80V_25C 
INX2            121     1116.007    D_CELLS_MOSST_typ_1_80V_25C 
INX20             1       95.306    D_CELLS_MOSST_typ_1_80V_25C 
INX3            110     1690.920    D_CELLS_MOSST_typ_1_80V_25C 
INX4             37      682.517    D_CELLS_MOSST_typ_1_80V_25C 
INX6             46      989.957    D_CELLS_MOSST_typ_1_80V_25C 
INX8             33     1014.552    D_CELLS_MOSST_typ_1_80V_25C 
ITLX1             2       36.893    D_CELLS_MOSST_typ_1_80V_25C 
MU2IX1           23      424.267    D_CELLS_MOSST_typ_1_80V_25C 
MU2IX2            3      110.678    D_CELLS_MOSST_typ_1_80V_25C 
MU2X1            39      959.213    D_CELLS_MOSST_typ_1_80V_25C 
MU2X2             9      221.357    D_CELLS_MOSST_typ_1_80V_25C 
MU2X4             2       61.488    D_CELLS_MOSST_typ_1_80V_25C 
MU4IX1            1       52.265    D_CELLS_MOSST_typ_1_80V_25C 
MU4X1            17      783.972    D_CELLS_MOSST_typ_1_80V_25C 
NA2I1X0           2       24.595    D_CELLS_MOSST_typ_1_80V_25C 
NA2I1X1         103     1583.316    D_CELLS_MOSST_typ_1_80V_25C 
NA2I1X2          27      498.053    D_CELLS_MOSST_typ_1_80V_25C 
NA2I1X4          15      461.160    D_CELLS_MOSST_typ_1_80V_25C 
NA2X1           785     7240.212    D_CELLS_MOSST_typ_1_80V_25C 
NA2X2           125     1921.500    D_CELLS_MOSST_typ_1_80V_25C 
NA2X4            68     2090.592    D_CELLS_MOSST_typ_1_80V_25C 
NA3I1X0           2       30.744    D_CELLS_MOSST_typ_1_80V_25C 
NA3I1X1          28      516.499    D_CELLS_MOSST_typ_1_80V_25C 
NA3I1X2           5      138.348    D_CELLS_MOSST_typ_1_80V_25C 
NA3I1X4           1       39.967    D_CELLS_MOSST_typ_1_80V_25C 
NA3I2X1           3       64.562    D_CELLS_MOSST_typ_1_80V_25C 
NA3X1           363     4464.029    D_CELLS_MOSST_typ_1_80V_25C 
NA3X2            21      516.499    D_CELLS_MOSST_typ_1_80V_25C 
NA3X4             9      415.044    D_CELLS_MOSST_typ_1_80V_25C 
NA4I3X1           1       33.818    D_CELLS_MOSST_typ_1_80V_25C 
NA4X1             1       27.670    D_CELLS_MOSST_typ_1_80V_25C 
NA5I1X1           1       33.818    D_CELLS_MOSST_typ_1_80V_25C 
NA5I2X1           1       33.818    D_CELLS_MOSST_typ_1_80V_25C 
NA5I4X2           1       43.042    D_CELLS_MOSST_typ_1_80V_25C 
NA5X1             5      153.720    D_CELLS_MOSST_typ_1_80V_25C 
NA6I3X1           1       36.893    D_CELLS_MOSST_typ_1_80V_25C 
NA6I4X1           1       39.967    D_CELLS_MOSST_typ_1_80V_25C 
NA6X1            40     1352.736    D_CELLS_MOSST_typ_1_80V_25C 
NO2I1X1         247     3037.507    D_CELLS_MOSST_typ_1_80V_25C 
NO2I1X2          43      925.394    D_CELLS_MOSST_typ_1_80V_25C 
NO2I1X4           4      122.976    D_CELLS_MOSST_typ_1_80V_25C 
NO2X1          9068    83635.978    D_CELLS_MOSST_typ_1_80V_25C 
NO2X2           143     2198.196    D_CELLS_MOSST_typ_1_80V_25C 
NO2X4            43     1189.793    D_CELLS_MOSST_typ_1_80V_25C 
NO3I1X0           2       30.744    D_CELLS_MOSST_typ_1_80V_25C 
NO3I1X1          41      756.302    D_CELLS_MOSST_typ_1_80V_25C 
NO3I1X2           1       27.670    D_CELLS_MOSST_typ_1_80V_25C 
NO3I2X1           1       21.521    D_CELLS_MOSST_typ_1_80V_25C 
NO3X0             1       12.298    D_CELLS_MOSST_typ_1_80V_25C 
NO3X1            48      737.856    D_CELLS_MOSST_typ_1_80V_25C 
NO3X2             5      122.976    D_CELLS_MOSST_typ_1_80V_25C 
NO3X4             8      319.738    D_CELLS_MOSST_typ_1_80V_25C 
NO4I1X1           1       30.744    D_CELLS_MOSST_typ_1_80V_25C 
NO4I2X1           1       30.744    D_CELLS_MOSST_typ_1_80V_25C 
NO4X2             4      122.976    D_CELLS_MOSST_typ_1_80V_25C 
NO5I2X1           3      101.455    D_CELLS_MOSST_typ_1_80V_25C 
NO5I2X2           1       36.893    D_CELLS_MOSST_typ_1_80V_25C 
NO5I3X1           5      169.092    D_CELLS_MOSST_typ_1_80V_25C 
NO5X2             7      236.729    D_CELLS_MOSST_typ_1_80V_25C 
NO6X0             1       33.818    D_CELLS_MOSST_typ_1_80V_25C 
NO6X1             8      295.142    D_CELLS_MOSST_typ_1_80V_25C 
OA211X1          64     1377.331    D_CELLS_MOSST_typ_1_80V_25C 
OA21X0            1       15.372    D_CELLS_MOSST_typ_1_80V_25C 
OA21X1           34      627.178    D_CELLS_MOSST_typ_1_80V_25C 
OA21X4            2       55.339    D_CELLS_MOSST_typ_1_80V_25C 
OA221X1          29      713.261    D_CELLS_MOSST_typ_1_80V_25C 
OA222X0           1       24.595    D_CELLS_MOSST_typ_1_80V_25C 
OA222X1           6      166.018    D_CELLS_MOSST_typ_1_80V_25C 
OA22X0            1       18.446    D_CELLS_MOSST_typ_1_80V_25C 
OA22X1           11      236.729    D_CELLS_MOSST_typ_1_80V_25C 
OA22X2            1       24.595    D_CELLS_MOSST_typ_1_80V_25C 
OA22X4            5      153.720    D_CELLS_MOSST_typ_1_80V_25C 
OA311X1           3       64.562    D_CELLS_MOSST_typ_1_80V_25C 
OA31X1            5      107.604    D_CELLS_MOSST_typ_1_80V_25C 
OA321X1           2       55.339    D_CELLS_MOSST_typ_1_80V_25C 
OA32X1            1       24.595    D_CELLS_MOSST_typ_1_80V_25C 
ON211X0          12      184.464    D_CELLS_MOSST_typ_1_80V_25C 
ON211X1         595    10975.608    D_CELLS_MOSST_typ_1_80V_25C 
ON21X0           10      122.976    D_CELLS_MOSST_typ_1_80V_25C 
ON21X1          270     4150.440    D_CELLS_MOSST_typ_1_80V_25C 
ON21X2            1       27.670    D_CELLS_MOSST_typ_1_80V_25C 
ON221X0          46      848.534    D_CELLS_MOSST_typ_1_80V_25C 
ON221X1         735    18077.472    D_CELLS_MOSST_typ_1_80V_25C 
ON222X0           1       21.521    D_CELLS_MOSST_typ_1_80V_25C 
ON222X1          41     1134.454    D_CELLS_MOSST_typ_1_80V_25C 
ON22X0           16      245.952    D_CELLS_MOSST_typ_1_80V_25C 
ON22X1          135     2490.264    D_CELLS_MOSST_typ_1_80V_25C 
ON311X1           7      129.125    D_CELLS_MOSST_typ_1_80V_25C 
ON31X0            2       30.744    D_CELLS_MOSST_typ_1_80V_25C 
ON31X1           45      830.088    D_CELLS_MOSST_typ_1_80V_25C 
ON321X0           3       64.562    D_CELLS_MOSST_typ_1_80V_25C 
ON321X1           2       49.190    D_CELLS_MOSST_typ_1_80V_25C 
ON32X1            3       64.562    D_CELLS_MOSST_typ_1_80V_25C 
ON33X0            3       64.562    D_CELLS_MOSST_typ_1_80V_25C 
OR2X1          6559    80659.958    D_CELLS_MOSST_typ_1_80V_25C 
OR2X2            85     1306.620    D_CELLS_MOSST_typ_1_80V_25C 
OR2X4            66     1623.283    D_CELLS_MOSST_typ_1_80V_25C 
OR3X0             1       15.372    D_CELLS_MOSST_typ_1_80V_25C 
OR3X1            15      276.696    D_CELLS_MOSST_typ_1_80V_25C 
OR4X1            23      565.690    D_CELLS_MOSST_typ_1_80V_25C 
OR5X1            31      857.758    D_CELLS_MOSST_typ_1_80V_25C 
OR6X1            12      405.821    D_CELLS_MOSST_typ_1_80V_25C 
SDFRQX0           9      581.062    D_CELLS_MOSST_typ_1_80V_25C 
SDFRQX1          70     4949.784    D_CELLS_MOSST_typ_1_80V_25C 
SDFRQX2           4      282.845    D_CELLS_MOSST_typ_1_80V_25C 
SDFRQX4           5      415.044    D_CELLS_MOSST_typ_1_80V_25C 
SDFRRQX1          4      307.440    D_CELLS_MOSST_typ_1_80V_25C 
SDFRRQX2          2      166.018    D_CELLS_MOSST_typ_1_80V_25C 
SDFRRQX4          1       95.306    D_CELLS_MOSST_typ_1_80V_25C 
SDFRX0            1       67.637    D_CELLS_MOSST_typ_1_80V_25C 
SDFRX1            3      221.357    D_CELLS_MOSST_typ_1_80V_25C 
----------------------------------------------------------------
total        113405  3792401.525                                


                                            
     Type      Instances     Area    Area % 
--------------------------------------------
sequential         56802 2883326.040   76.0 
inverter            1494   13979.297    0.4 
buffer               133    3378.766    0.1 
tristate               2      36.893    0.0 
logic              54974  891680.530   23.5 
physical_cells         0       0.000    0.0 
--------------------------------------------
total             113405 3792401.525  100.0 

