============================================================
  Generated by:           Genus(TM) Synthesis Solution GENUS15.22 - 15.20-s024_1
  Generated on:           Feb 22 2023  12:54:46 pm
  Module:                 neo430_top
  Interconnect mode:      global
  Area mode:              physical library
============================================================

                                 
  Gate    Instances     Area                 Library            
----------------------------------------------------------------
AN211X0           3       46.116    D_CELLS_MOSST_typ_1_80V_25C 
AN211X1         364     6714.490    D_CELLS_MOSST_typ_1_80V_25C 
AN21X1          200     2459.520    D_CELLS_MOSST_typ_1_80V_25C 
AN221X0           8      147.571    D_CELLS_MOSST_typ_1_80V_25C 
AN221X1        6299   135559.519    D_CELLS_MOSST_typ_1_80V_25C 
AN222X0           4       86.083    D_CELLS_MOSST_typ_1_80V_25C 
AN222X1         600    14757.120    D_CELLS_MOSST_typ_1_80V_25C 
AN22X1        10890   167401.080    D_CELLS_MOSST_typ_1_80V_25C 
AN311X0           1       18.446    D_CELLS_MOSST_typ_1_80V_25C 
AN311X1           3       64.562    D_CELLS_MOSST_typ_1_80V_25C 
AN31X1           65      999.180    D_CELLS_MOSST_typ_1_80V_25C 
AN321X1          10      245.952    D_CELLS_MOSST_typ_1_80V_25C 
AN32X1           11      202.910    D_CELLS_MOSST_typ_1_80V_25C 
AN33X1            7      150.646    D_CELLS_MOSST_typ_1_80V_25C 
AND2X1         7122    87583.507    D_CELLS_MOSST_typ_1_80V_25C 
AND2X2           26      479.606    D_CELLS_MOSST_typ_1_80V_25C 
AND2X4           13      359.705    D_CELLS_MOSST_typ_1_80V_25C 
AND3X1           69     1060.668    D_CELLS_MOSST_typ_1_80V_25C 
AND3X2            2       43.042    D_CELLS_MOSST_typ_1_80V_25C 
AND3X4            2       67.637    D_CELLS_MOSST_typ_1_80V_25C 
AND4X1           32      787.046    D_CELLS_MOSST_typ_1_80V_25C 
AND5X1           34      940.766    D_CELLS_MOSST_typ_1_80V_25C 
AND6X1         3087    94906.728    D_CELLS_MOSST_typ_1_80V_25C 
AO211X0           2       36.893    D_CELLS_MOSST_typ_1_80V_25C 
AO211X1          10      215.208    D_CELLS_MOSST_typ_1_80V_25C 
AO211X2           1       27.670    D_CELLS_MOSST_typ_1_80V_25C 
AO21X0           17      261.324    D_CELLS_MOSST_typ_1_80V_25C 
AO21X1           65     1199.016    D_CELLS_MOSST_typ_1_80V_25C 
AO21X2            1       24.595    D_CELLS_MOSST_typ_1_80V_25C 
AO21X4            1       27.670    D_CELLS_MOSST_typ_1_80V_25C 
AO221X1          90     2213.568    D_CELLS_MOSST_typ_1_80V_25C 
AO221X2           3      101.455    D_CELLS_MOSST_typ_1_80V_25C 
AO222X0           6      147.571    D_CELLS_MOSST_typ_1_80V_25C 
AO222X1          92     2545.603    D_CELLS_MOSST_typ_1_80V_25C 
AO22X0           10      184.464    D_CELLS_MOSST_typ_1_80V_25C 
AO22X1         5231   112575.305    D_CELLS_MOSST_typ_1_80V_25C 
AO22X2           14      387.374    D_CELLS_MOSST_typ_1_80V_25C 
AO22X4            2       61.488    D_CELLS_MOSST_typ_1_80V_25C 
AO311X1           1       21.521    D_CELLS_MOSST_typ_1_80V_25C 
AO31X1           24      516.499    D_CELLS_MOSST_typ_1_80V_25C 
AO321X1           3       83.009    D_CELLS_MOSST_typ_1_80V_25C 
AO32X1            3       73.786    D_CELLS_MOSST_typ_1_80V_25C 
BUCX16           15     1014.552    D_CELLS_MOSST_typ_1_80V_25C 
BUCX8             1       39.967    D_CELLS_MOSST_typ_1_80V_25C 
BUX1              8       98.381    D_CELLS_MOSST_typ_1_80V_25C 
BUX12             3      184.464    D_CELLS_MOSST_typ_1_80V_25C 
BUX2              6       92.232    D_CELLS_MOSST_typ_1_80V_25C 
BUX20             4      393.523    D_CELLS_MOSST_typ_1_80V_25C 
BUX3              1       21.521    D_CELLS_MOSST_typ_1_80V_25C 
BUX4              3       73.786    D_CELLS_MOSST_typ_1_80V_25C 
BUX6              2       67.637    D_CELLS_MOSST_typ_1_80V_25C 
DFRQX1        47875  2502177.300    D_CELLS_MOSST_typ_1_80V_25C 
DFRQX2           10      553.392    D_CELLS_MOSST_typ_1_80V_25C 
DFRRQX1          17     1045.296    D_CELLS_MOSST_typ_1_80V_25C 
DFRRX1            3      193.687    D_CELLS_MOSST_typ_1_80V_25C 
DFRX1          2568   142111.066    D_CELLS_MOSST_typ_1_80V_25C 
DFRX4             7      581.062    D_CELLS_MOSST_typ_1_80V_25C 
DLLQX1         6223   229583.894    D_CELLS_MOSST_typ_1_80V_25C 
EN2X0            33      507.276    D_CELLS_MOSST_typ_1_80V_25C 
EN2X1            35      753.228    D_CELLS_MOSST_typ_1_80V_25C 
EN2X4             1       36.893    D_CELLS_MOSST_typ_1_80V_25C 
EN3X1             1       39.967    D_CELLS_MOSST_typ_1_80V_25C 
EO2X0             1       15.372    D_CELLS_MOSST_typ_1_80V_25C 
EO2X1            75     1614.060    D_CELLS_MOSST_typ_1_80V_25C 
EO3X0             2       55.339    D_CELLS_MOSST_typ_1_80V_25C 
EO3X1             6      239.803    D_CELLS_MOSST_typ_1_80V_25C 
FAX0              2      104.530    D_CELLS_MOSST_typ_1_80V_25C 
FAX1             58     3387.989    D_CELLS_MOSST_typ_1_80V_25C 
FAX2              7      451.937    D_CELLS_MOSST_typ_1_80V_25C 
HAX1             52     1598.688    D_CELLS_MOSST_typ_1_80V_25C 
HAX2              1       36.893    D_CELLS_MOSST_typ_1_80V_25C 
INCX12            5      292.068    D_CELLS_MOSST_typ_1_80V_25C 
INCX16            5      368.928    D_CELLS_MOSST_typ_1_80V_25C 
INCX20            1       86.083    D_CELLS_MOSST_typ_1_80V_25C 
INX0              1        6.149    D_CELLS_MOSST_typ_1_80V_25C 
INX1            896     5509.325    D_CELLS_MOSST_typ_1_80V_25C 
INX12             7      408.895    D_CELLS_MOSST_typ_1_80V_25C 
INX16             3      221.357    D_CELLS_MOSST_typ_1_80V_25C 
INX2             99      913.097    D_CELLS_MOSST_typ_1_80V_25C 
INX20             1       95.306    D_CELLS_MOSST_typ_1_80V_25C 
INX3             97     1491.084    D_CELLS_MOSST_typ_1_80V_25C 
INX4             35      645.624    D_CELLS_MOSST_typ_1_80V_25C 
INX6             43      925.394    D_CELLS_MOSST_typ_1_80V_25C 
INX8             26      799.344    D_CELLS_MOSST_typ_1_80V_25C 
ITLX1             2       36.893    D_CELLS_MOSST_typ_1_80V_25C 
MU2IX1           22      405.821    D_CELLS_MOSST_typ_1_80V_25C 
MU2IX2            3      110.678    D_CELLS_MOSST_typ_1_80V_25C 
MU2X1            39      959.213    D_CELLS_MOSST_typ_1_80V_25C 
MU2X2             8      196.762    D_CELLS_MOSST_typ_1_80V_25C 
MU2X4             4      122.976    D_CELLS_MOSST_typ_1_80V_25C 
MU4IX1            1       52.265    D_CELLS_MOSST_typ_1_80V_25C 
MU4X1            17      783.972    D_CELLS_MOSST_typ_1_80V_25C 
NA2I1X0           2       24.595    D_CELLS_MOSST_typ_1_80V_25C 
NA2I1X1          99     1521.828    D_CELLS_MOSST_typ_1_80V_25C 
NA2I1X2          24      442.714    D_CELLS_MOSST_typ_1_80V_25C 
NA2I1X4          13      399.672    D_CELLS_MOSST_typ_1_80V_25C 
NA2X0             2       18.446    D_CELLS_MOSST_typ_1_80V_25C 
NA2X1           750     6917.400    D_CELLS_MOSST_typ_1_80V_25C 
NA2X2           103     1583.316    D_CELLS_MOSST_typ_1_80V_25C 
NA2X4            65     1998.360    D_CELLS_MOSST_typ_1_80V_25C 
NA3I1X0           1       15.372    D_CELLS_MOSST_typ_1_80V_25C 
NA3I1X1          28      516.499    D_CELLS_MOSST_typ_1_80V_25C 
NA3I1X2           4      110.678    D_CELLS_MOSST_typ_1_80V_25C 
NA3I1X4           2       79.934    D_CELLS_MOSST_typ_1_80V_25C 
NA3I2X1           4       86.083    D_CELLS_MOSST_typ_1_80V_25C 
NA3I2X2           2       61.488    D_CELLS_MOSST_typ_1_80V_25C 
NA3I2X4           1       49.190    D_CELLS_MOSST_typ_1_80V_25C 
NA3X1           363     4464.029    D_CELLS_MOSST_typ_1_80V_25C 
NA3X2            18      442.714    D_CELLS_MOSST_typ_1_80V_25C 
NA3X4             8      368.928    D_CELLS_MOSST_typ_1_80V_25C 
NA4I3X1           1       33.818    D_CELLS_MOSST_typ_1_80V_25C 
NA4X1             1       27.670    D_CELLS_MOSST_typ_1_80V_25C 
NA5I1X1           1       33.818    D_CELLS_MOSST_typ_1_80V_25C 
NA5I2X1           1       33.818    D_CELLS_MOSST_typ_1_80V_25C 
NA5I4X2           1       43.042    D_CELLS_MOSST_typ_1_80V_25C 
NA5X1             5      153.720    D_CELLS_MOSST_typ_1_80V_25C 
NA6I1X2           1       39.967    D_CELLS_MOSST_typ_1_80V_25C 
NA6I3X1           1       36.893    D_CELLS_MOSST_typ_1_80V_25C 
NA6I3X2           1       39.967    D_CELLS_MOSST_typ_1_80V_25C 
NA6I4X1           1       39.967    D_CELLS_MOSST_typ_1_80V_25C 
NA6X1            40     1352.736    D_CELLS_MOSST_typ_1_80V_25C 
NO2I1X1         243     2988.317    D_CELLS_MOSST_typ_1_80V_25C 
NO2I1X2          43      925.394    D_CELLS_MOSST_typ_1_80V_25C 
NO2I1X4           4      122.976    D_CELLS_MOSST_typ_1_80V_25C 
NO2X1          9072    83672.870    D_CELLS_MOSST_typ_1_80V_25C 
NO2X2            98     1506.456    D_CELLS_MOSST_typ_1_80V_25C 
NO2X4            39     1079.114    D_CELLS_MOSST_typ_1_80V_25C 
NO3I1X0           1       15.372    D_CELLS_MOSST_typ_1_80V_25C 
NO3I1X1          42      774.749    D_CELLS_MOSST_typ_1_80V_25C 
NO3I1X2           2       55.339    D_CELLS_MOSST_typ_1_80V_25C 
NO3I2X1           1       21.521    D_CELLS_MOSST_typ_1_80V_25C 
NO3I2X2           1       33.818    D_CELLS_MOSST_typ_1_80V_25C 
NO3X0             1       12.298    D_CELLS_MOSST_typ_1_80V_25C 
NO3X1            48      737.856    D_CELLS_MOSST_typ_1_80V_25C 
NO3X2             5      122.976    D_CELLS_MOSST_typ_1_80V_25C 
NO3X4             9      359.705    D_CELLS_MOSST_typ_1_80V_25C 
NO4I1X1           1       30.744    D_CELLS_MOSST_typ_1_80V_25C 
NO4I2X1           1       30.744    D_CELLS_MOSST_typ_1_80V_25C 
NO4X2             3       92.232    D_CELLS_MOSST_typ_1_80V_25C 
NO5I2X1           3      101.455    D_CELLS_MOSST_typ_1_80V_25C 
NO5I2X2           1       36.893    D_CELLS_MOSST_typ_1_80V_25C 
NO5I3X1           5      169.092    D_CELLS_MOSST_typ_1_80V_25C 
NO5I4X1           1       36.893    D_CELLS_MOSST_typ_1_80V_25C 
NO5X2             6      202.910    D_CELLS_MOSST_typ_1_80V_25C 
NO5X4             2       79.934    D_CELLS_MOSST_typ_1_80V_25C 
NO6I1X2           1       46.116    D_CELLS_MOSST_typ_1_80V_25C 
NO6I2X2           1       46.116    D_CELLS_MOSST_typ_1_80V_25C 
NO6X0             1       33.818    D_CELLS_MOSST_typ_1_80V_25C 
NO6X1             8      295.142    D_CELLS_MOSST_typ_1_80V_25C 
NO6X4             2       92.232    D_CELLS_MOSST_typ_1_80V_25C 
OA211X1          64     1377.331    D_CELLS_MOSST_typ_1_80V_25C 
OA21X0            1       15.372    D_CELLS_MOSST_typ_1_80V_25C 
OA21X1           34      627.178    D_CELLS_MOSST_typ_1_80V_25C 
OA21X4            3       83.009    D_CELLS_MOSST_typ_1_80V_25C 
OA221X1          29      713.261    D_CELLS_MOSST_typ_1_80V_25C 
OA222X1           7      193.687    D_CELLS_MOSST_typ_1_80V_25C 
OA22X1           12      258.250    D_CELLS_MOSST_typ_1_80V_25C 
OA22X2            1       24.595    D_CELLS_MOSST_typ_1_80V_25C 
OA22X4            5      153.720    D_CELLS_MOSST_typ_1_80V_25C 
OA311X1           3       64.562    D_CELLS_MOSST_typ_1_80V_25C 
OA31X1            5      107.604    D_CELLS_MOSST_typ_1_80V_25C 
OA321X1           2       55.339    D_CELLS_MOSST_typ_1_80V_25C 
OA32X1            1       24.595    D_CELLS_MOSST_typ_1_80V_25C 
ON211X0          10      153.720    D_CELLS_MOSST_typ_1_80V_25C 
ON211X1         598    11030.947    D_CELLS_MOSST_typ_1_80V_25C 
ON21X0            9      110.678    D_CELLS_MOSST_typ_1_80V_25C 
ON21X1          274     4211.928    D_CELLS_MOSST_typ_1_80V_25C 
ON221X0          18      332.035    D_CELLS_MOSST_typ_1_80V_25C 
ON221X1         764    18790.733    D_CELLS_MOSST_typ_1_80V_25C 
ON222X0           1       21.521    D_CELLS_MOSST_typ_1_80V_25C 
ON222X1          41     1134.454    D_CELLS_MOSST_typ_1_80V_25C 
ON22X0            5       76.860    D_CELLS_MOSST_typ_1_80V_25C 
ON22X1          146     2693.174    D_CELLS_MOSST_typ_1_80V_25C 
ON311X1           7      129.125    D_CELLS_MOSST_typ_1_80V_25C 
ON31X0            1       15.372    D_CELLS_MOSST_typ_1_80V_25C 
ON31X1           45      830.088    D_CELLS_MOSST_typ_1_80V_25C 
ON321X0           2       43.042    D_CELLS_MOSST_typ_1_80V_25C 
ON321X1           3       73.786    D_CELLS_MOSST_typ_1_80V_25C 
ON32X1            3       64.562    D_CELLS_MOSST_typ_1_80V_25C 
ON33X0            3       64.562    D_CELLS_MOSST_typ_1_80V_25C 
OR2X1          6551    80561.578    D_CELLS_MOSST_typ_1_80V_25C 
OR2X2            84     1291.248    D_CELLS_MOSST_typ_1_80V_25C 
OR2X4            65     1598.688    D_CELLS_MOSST_typ_1_80V_25C 
OR3X0             1       15.372    D_CELLS_MOSST_typ_1_80V_25C 
OR3X1            15      276.696    D_CELLS_MOSST_typ_1_80V_25C 
OR4X1            21      516.499    D_CELLS_MOSST_typ_1_80V_25C 
OR4X2             1       30.744    D_CELLS_MOSST_typ_1_80V_25C 
OR5X1            31      857.758    D_CELLS_MOSST_typ_1_80V_25C 
OR5X2             2       67.637    D_CELLS_MOSST_typ_1_80V_25C 
OR6X1            14      473.458    D_CELLS_MOSST_typ_1_80V_25C 
OR6X2             1       46.116    D_CELLS_MOSST_typ_1_80V_25C 
SDFRQX0           2      129.125    D_CELLS_MOSST_typ_1_80V_25C 
SDFRQX1          86     6081.163    D_CELLS_MOSST_typ_1_80V_25C 
SDFRRQX1          7      538.020    D_CELLS_MOSST_typ_1_80V_25C 
SDFRX1            4      295.142    D_CELLS_MOSST_typ_1_80V_25C 
----------------------------------------------------------------
total        112933  3788204.969                                


                                            
     Type      Instances     Area    Area % 
--------------------------------------------
sequential         56802 2883289.147   76.1 
inverter            1219   11762.654    0.3 
buffer                43    1986.062    0.1 
tristate               2      36.893    0.0 
logic              54867  891130.212   23.5 
physical_cells         0       0.000    0.0 
--------------------------------------------
total             112933 3788204.969  100.0 

