============================================================
  Generated by:           Genus(TM) Synthesis Solution GENUS15.22 - 15.20-s024_1
  Generated on:           Mar 02 2023  08:00:11 pm
  Module:                 neo430_top
  Interconnect mode:      global
  Area mode:              physical library
============================================================


Path 1: MET (463 ps) Setup Check with Pin neo430_imem_inst/imem_file_ram_h_reg[909][7]/C->D
          Group: C2C
     Startpoint: (R) neo430_cpu_inst_neo430_control_inst_ctrl_reg[17]/C
          Clock: (R) clk_i
       Endpoint: (F) neo430_imem_inst/imem_file_ram_h_reg[909][7]/D
          Clock: (R) clk_i

                     Capture       Launch     
        Clock Edge:+   10000            0     
       Src Latency:+       0            0     
       Net Latency:+       0 (I)        0 (I) 
           Arrival:=   10000            0     
                                              
             Setup:-     352                  
     Required Time:=    9648                  
      Launch Clock:-       0                  
         Data Path:-    9185                  
             Slack:=     463                  

#---------------------------------------------------------------------------------------------------------------------
#                   Timing Point                     Flags    Arc   Edge   Cell     Fanout  Load  Trans Delay Arrival 
#                                                                                           (fF)   (ps)  (ps)   (ps)  
#---------------------------------------------------------------------------------------------------------------------
  neo430_cpu_inst_neo430_control_inst_ctrl_reg[17]/C -       -      R     (arrival)      4      -     0     -       0 
  neo430_cpu_inst_neo430_control_inst_ctrl_reg[17]/Q -       C->Q   R     DFRX1          6   46.6   414   446     446 
  neo430_cpu_inst_neo430_alu_inst_g8539/Q            -       B->Q   F     NA2X1          3   28.8   217   157     603 
  neo430_cpu_inst_neo430_alu_inst_g8582/Q            -       A->Q   R     INX2          15   99.7   264   194     797 
  neo430_cpu_inst_neo430_alu_inst_g8508/Q            -       A->Q   R     EN2X0          3   29.0  1092   682    1479 
  neo430_cpu_inst_neo430_alu_inst_g8498/Q            -       A->Q   F     INX1           1   11.2   216   108    1587 
  neo430_cpu_inst_neo430_alu_inst_g8388/Q            -       C->Q   R     ON22X1         2   19.4   359   237    1824 
  g110367/Q                                          -       A->Q   R     AO22X2         2   19.5   118   250    2074 
  neo430_cpu_inst_neo430_alu_inst_g8378/Q            -       A->Q   F     NA2X1          1    9.9   100    69    2143 
  neo430_cpu_inst_neo430_alu_inst_g8374/Q            -       A->Q   R     NA2X1          2   19.5   211   134    2278 
  neo430_cpu_inst_neo430_alu_inst_g8370/Q            -       A->Q   F     NA2X1          1    9.9   106    77    2355 
  neo430_cpu_inst_neo430_alu_inst_g8366/Q            -       A->Q   R     NA2X1          2   19.5   218   136    2491 
  neo430_cpu_inst_neo430_alu_inst_g8364/Q            -       A->Q   F     NA2X1          1    9.9   107    78    2569 
  neo430_cpu_inst_neo430_alu_inst_g8361/Q            -       A->Q   R     NA2X1          2   19.5   218   136    2706 
  neo430_cpu_inst_neo430_alu_inst_g8359/Q            -       A->Q   F     NA2X1          1    9.9   107    78    2784 
  neo430_cpu_inst_neo430_alu_inst_g8355/Q            -       A->Q   R     NA2X1          3   26.4   273   166    2949 
  neo430_cpu_inst_neo430_alu_inst_g8354/Q            -       C->Q   F     ON21X1         1   10.6   203   112    3062 
  neo430_cpu_inst_neo430_alu_inst_g8353/Q            -       B->Q   R     NA2I1X1        1   20.0   223   177    3238 
  neo430_cpu_inst_neo430_alu_inst_g8345/CO           -       CI->CO R     FAX1           2   20.2   204   231    3469 
  neo430_cpu_inst_neo430_alu_inst_g8344/Q            -       A->Q   F     AN22X1         2   18.6   318   160    3629 
  neo430_cpu_inst_neo430_alu_inst_g8342/Q            -       A->Q   R     INX1           1   10.7   116   106    3735 
  neo430_cpu_inst_neo430_alu_inst_g8338/Q            -       A->Q   F     AN22X1         1   20.0   306   147    3882 
  neo430_cpu_inst_neo430_alu_inst_g8329/CO           -       CI->CO F     FAX1           1   20.0   147   308    4190 
  neo430_cpu_inst_neo430_alu_inst_g8326/CO           -       CI->CO F     FAX1           1   20.0   146   267    4457 
  neo430_cpu_inst_neo430_alu_inst_g8324/CO           -       CI->CO F     FAX1           2   20.7   149   269    4725 
  neo430_cpu_inst_neo430_alu_inst_g8321/Q            -       A->Q   F     EN2X1          2   18.6   166   212    4937 
  neo430_cpu_inst_neo430_alu_inst_g8320/Q            -       B->Q   F     AO221X1        5   32.2   213   395    5332 
  g12881/Q                                           -       IN0->Q F     MU2X1         12   91.6   395   443    5775 
  g2100/Q                                            -       A->Q   F     BUCX16      1035 6309.1  1606  1291    7067 
  g2098/Q                                            -       A->Q   F     BUX2          81  540.9  1097   928    7995 
  neo430_imem_inst/g691413/Q                         -       A->Q   F     BUX1          64  393.8  1592  1190    9185 
  neo430_imem_inst/imem_file_ram_h_reg[909][7]/D     -       -      F     DFRQX1        64      -     -     0    9185 
#---------------------------------------------------------------------------------------------------------------------

