============================================================
  Generated by:           Genus(TM) Synthesis Solution GENUS15.22 - 15.20-s024_1
  Generated on:           Mar 02 2023  07:56:06 pm
  Module:                 neo430_top
  Interconnect mode:      global
  Area mode:              physical library
============================================================


Path 1: MET (8943 ps) Setup Check with Pin neo430_wb32_if_inst_true.neo430_wb32_inst_pending_reg/C->SE
          Group: I2C
     Startpoint: (F) wb_ack_i
          Clock: (R) clk_i
       Endpoint: (R) neo430_wb32_if_inst_true.neo430_wb32_inst_pending_reg/SE
          Clock: (R) clk_i

                     Capture       Launch     
        Clock Edge:+   10000            0     
       Src Latency:+       0            0     
       Net Latency:+       0 (I)        0 (I) 
           Arrival:=   10000            0     
                                              
             Setup:-     530                  
     Required Time:=    9470                  
      Launch Clock:-       0                  
       Input Delay:-     200                  
         Data Path:-     326                  
             Slack:=    8943                  

#------------------------------------------------------------------------------------------------------------------------
#                      Timing Point                        Flags   Arc   Edge   Cell     Fanout Load Trans Delay Arrival 
#                                                                                               (fF)  (ps)  (ps)   (ps)  
#------------------------------------------------------------------------------------------------------------------------
  wb_ack_i                                                 -       -     F     (arrival)      1  9.2   160     0     200 
  neo430_wb32_if_inst_true.neo430_wb32_inst_g1021/Q        -       AN->Q F     NO2I1X1        2 14.9   121   187     387 
  neo430_wb32_if_inst_true.neo430_wb32_inst_g1302/Q        -       A->Q  R     NO2X1          1 14.4   215   139     526 
  neo430_wb32_if_inst_true.neo430_wb32_inst_pending_reg/SE -       -     R     SDFRQX4        1    -     -     0     526 
#------------------------------------------------------------------------------------------------------------------------

