============================================================
  Generated by:           Genus(TM) Synthesis Solution GENUS15.22 - 15.20-s024_1
  Generated on:           Mar 02 2023  08:09:58 pm
  Module:                 neo430_top
  Interconnect mode:      global
  Area mode:              physical library
============================================================

                                   Leakage     Internal    
  Gate    Instances     Area     Power (nW)   Power (nW)               Library            
------------------------------------------------------------------------------------------
AN211X0           1       15.372      0.026          0.000    D_CELLS_MOSST_typ_1_80V_25C 
AN211X1         158     2914.531      3.526     113227.028    D_CELLS_MOSST_typ_1_80V_25C 
AN21X1          119     1463.414      2.831      61479.716    D_CELLS_MOSST_typ_1_80V_25C 
AN221X0           1       18.446      0.034          0.000    D_CELLS_MOSST_typ_1_80V_25C 
AN221X1        7493   161255.354    215.491      78883.310    D_CELLS_MOSST_typ_1_80V_25C 
AN222X1          40      983.808      1.491     108416.267    D_CELLS_MOSST_typ_1_80V_25C 
AN22X1         9645   148262.940    295.147      41180.394    D_CELLS_MOSST_typ_1_80V_25C 
AN311X1           4       86.083      0.094       2102.630    D_CELLS_MOSST_typ_1_80V_25C 
AN31X1           58      891.576      1.429      25967.537    D_CELLS_MOSST_typ_1_80V_25C 
AN321X1           8      196.762      0.242       9261.235    D_CELLS_MOSST_typ_1_80V_25C 
AN32X1           17      313.589      0.519       7672.933    D_CELLS_MOSST_typ_1_80V_25C 
AN33X1            4       86.083      0.120          0.000    D_CELLS_MOSST_typ_1_80V_25C 
AND2X1         7783    95712.221    220.944     226264.540    D_CELLS_MOSST_typ_1_80V_25C 
AND2X2            2       36.893      0.088          0.000    D_CELLS_MOSST_typ_1_80V_25C 
AND2X4            9      249.026      0.798       5015.400    D_CELLS_MOSST_typ_1_80V_25C 
AND3X1           61      937.692      1.432      78069.223    D_CELLS_MOSST_typ_1_80V_25C 
AND4X1           25      614.880      1.066      44649.885    D_CELLS_MOSST_typ_1_80V_25C 
AND5X1           26      719.410      0.966      58381.942    D_CELLS_MOSST_typ_1_80V_25C 
AND6X1         2958    90940.752     96.570     242504.583    D_CELLS_MOSST_typ_1_80V_25C 
AO211X0           1       18.446      0.066          0.000    D_CELLS_MOSST_typ_1_80V_25C 
AO211X1           4       86.083      0.158       6841.044    D_CELLS_MOSST_typ_1_80V_25C 
AO211X2           1       27.670      0.063        367.330    D_CELLS_MOSST_typ_1_80V_25C 
AO21X0            2       30.744      0.128          0.000    D_CELLS_MOSST_typ_1_80V_25C 
AO21X1           52      959.213      2.113      38318.608    D_CELLS_MOSST_typ_1_80V_25C 
AO221X1          48     1180.570      2.078      46639.780    D_CELLS_MOSST_typ_1_80V_25C 
AO222X0          12      295.142      0.900      25516.451    D_CELLS_MOSST_typ_1_80V_25C 
AO222X1          39     1079.114      1.851      71912.767    D_CELLS_MOSST_typ_1_80V_25C 
AO222X4           2       73.786      0.201      15321.544    D_CELLS_MOSST_typ_1_80V_25C 
AO22X0            4       73.786      0.253        383.120    D_CELLS_MOSST_typ_1_80V_25C 
AO22X1         5814   125121.931    241.903      89676.388    D_CELLS_MOSST_typ_1_80V_25C 
AO22X2            4      110.678      0.235      17529.525    D_CELLS_MOSST_typ_1_80V_25C 
AO22X4            6      184.464      0.575      43832.359    D_CELLS_MOSST_typ_1_80V_25C 
AO311X1           1       21.521      0.038          0.000    D_CELLS_MOSST_typ_1_80V_25C 
AO31X1           32      688.666      1.193      26951.945    D_CELLS_MOSST_typ_1_80V_25C 
AO321X1           5      138.348      0.207       3928.213    D_CELLS_MOSST_typ_1_80V_25C 
AO32X1            5      122.976      0.189        165.822    D_CELLS_MOSST_typ_1_80V_25C 
BUCX12            1       52.265      0.247      27808.213    D_CELLS_MOSST_typ_1_80V_25C 
BUCX16           17     1149.826      5.752     499292.157    D_CELLS_MOSST_typ_1_80V_25C 
BUCX4            12      295.142      1.119     113044.163    D_CELLS_MOSST_typ_1_80V_25C 
BUCX8             2       79.934      0.345      37826.001    D_CELLS_MOSST_typ_1_80V_25C 
BUX1            157     1930.723      6.152     643692.650    D_CELLS_MOSST_typ_1_80V_25C 
BUX2            123     1890.756      7.901     978619.194    D_CELLS_MOSST_typ_1_80V_25C 
BUX3              2       43.042      0.193      30887.629    D_CELLS_MOSST_typ_1_80V_25C 
BUX8              2       86.083      0.508      42118.249    D_CELLS_MOSST_typ_1_80V_25C 
DFRQX1        46474  2428954.315   6916.447  192310137.120    D_CELLS_MOSST_typ_1_80V_25C 
DFRQX2            4      221.357      0.625      33681.492    D_CELLS_MOSST_typ_1_80V_25C 
DFRRQX1          16      983.808      1.498     115180.231    D_CELLS_MOSST_typ_1_80V_25C 
DFRRX1            4      258.250      0.374      32689.032    D_CELLS_MOSST_typ_1_80V_25C 
DFRX1          3980   220250.016    592.355   15930038.216    D_CELLS_MOSST_typ_1_80V_25C 
DFRX4             4      332.035      0.714      20650.227    D_CELLS_MOSST_typ_1_80V_25C 
DLLQX1         6223   229583.894    589.424   32875793.033    D_CELLS_MOSST_typ_1_80V_25C 
EN2X0            30      461.160      1.423      20778.581    D_CELLS_MOSST_typ_1_80V_25C 
EN2X1            17      365.854      0.772      22723.643    D_CELLS_MOSST_typ_1_80V_25C 
EO2X0             1       15.372      0.072       2294.812    D_CELLS_MOSST_typ_1_80V_25C 
EO2X1            61     1312.769      3.097     141118.680    D_CELLS_MOSST_typ_1_80V_25C 
EO3X0             3       83.009      0.436       2500.757    D_CELLS_MOSST_typ_1_80V_25C 
FAX0             50     2613.240      5.131      74598.404    D_CELLS_MOSST_typ_1_80V_25C 
FAX1             59     3446.402      4.276     161058.608    D_CELLS_MOSST_typ_1_80V_25C 
HAX1             59     1813.896      3.283      68382.391    D_CELLS_MOSST_typ_1_80V_25C 
INX0              2       12.298      0.053        259.563    D_CELLS_MOSST_typ_1_80V_25C 
INX1           1780    10944.864     35.712     291212.011    D_CELLS_MOSST_typ_1_80V_25C 
INX16             3      221.357      1.414      47578.062    D_CELLS_MOSST_typ_1_80V_25C 
INX2              2       18.446      0.081       1946.045    D_CELLS_MOSST_typ_1_80V_25C 
INX3              8      122.976      0.492      30578.663    D_CELLS_MOSST_typ_1_80V_25C 
INX4              2       36.893      0.169          0.000    D_CELLS_MOSST_typ_1_80V_25C 
INX6              1       21.521      0.115      16020.661    D_CELLS_MOSST_typ_1_80V_25C 
INX8              8      245.952      1.322      49545.954    D_CELLS_MOSST_typ_1_80V_25C 
ITLX1             2       36.893      0.075       3171.858    D_CELLS_MOSST_typ_1_80V_25C 
MU2IX1           18      332.035      0.835      28827.825    D_CELLS_MOSST_typ_1_80V_25C 
MU2X1            56     1377.331      3.458      75808.415    D_CELLS_MOSST_typ_1_80V_25C 
MU2X2             4       98.381      0.306      17628.628    D_CELLS_MOSST_typ_1_80V_25C 
MU2X4             3       92.232      0.361      21270.368    D_CELLS_MOSST_typ_1_80V_25C 
MU4IX1            4      209.059      0.518       7493.712    D_CELLS_MOSST_typ_1_80V_25C 
MU4X1            13      599.508      1.537       2871.108    D_CELLS_MOSST_typ_1_80V_25C 
NA2I1X0           1       12.298      0.051          0.000    D_CELLS_MOSST_typ_1_80V_25C 
NA2I1X1          68     1045.296      2.661      62219.537    D_CELLS_MOSST_typ_1_80V_25C 
NA2I1X2           1       18.446      0.055       2169.130    D_CELLS_MOSST_typ_1_80V_25C 
NA2X1           668     6161.098     12.663     236271.719    D_CELLS_MOSST_typ_1_80V_25C 
NA2X4            21      645.624      1.592      22499.252    D_CELLS_MOSST_typ_1_80V_25C 
NA3I1X0           2       30.744      0.094        485.834    D_CELLS_MOSST_typ_1_80V_25C 
NA3I1X1          34      627.178      1.263      40442.237    D_CELLS_MOSST_typ_1_80V_25C 
NA3I2X1           5      107.604      0.286       3233.445    D_CELLS_MOSST_typ_1_80V_25C 
NA3X1           104     1278.950      1.750      96491.295    D_CELLS_MOSST_typ_1_80V_25C 
NA4X1             1       27.670      0.065       5570.739    D_CELLS_MOSST_typ_1_80V_25C 
NA5I1X1           4      135.274      0.321       3300.872    D_CELLS_MOSST_typ_1_80V_25C 
NA5I2X1           2       67.637      0.186       2527.320    D_CELLS_MOSST_typ_1_80V_25C 
NA5I3X1           1       33.818      0.096       1448.972    D_CELLS_MOSST_typ_1_80V_25C 
NA5I4X1           1       36.893      0.116       8326.380    D_CELLS_MOSST_typ_1_80V_25C 
NA5X1             1       30.744      0.060        537.945    D_CELLS_MOSST_typ_1_80V_25C 
NA6I1X1           1       36.893      0.076        437.521    D_CELLS_MOSST_typ_1_80V_25C 
NA6I3X1           4      147.571      0.366       8449.930    D_CELLS_MOSST_typ_1_80V_25C 
NA6X1            81     2739.290      4.527      28427.098    D_CELLS_MOSST_typ_1_80V_25C 
NO2I1X1         158     1943.021      6.280     124396.959    D_CELLS_MOSST_typ_1_80V_25C 
NO2I1X2           1       21.521      0.056          0.000    D_CELLS_MOSST_typ_1_80V_25C 
NO2I1X4           1       30.744      0.098      11654.908    D_CELLS_MOSST_typ_1_80V_25C 
NO2X1          8425    77705.460    164.936     216423.823    D_CELLS_MOSST_typ_1_80V_25C 
NO2X4             4      110.678      0.288       1180.071    D_CELLS_MOSST_typ_1_80V_25C 
NO3I1X1          47      866.981      1.721      43612.423    D_CELLS_MOSST_typ_1_80V_25C 
NO3I2X1           9      193.687      0.511      14022.384    D_CELLS_MOSST_typ_1_80V_25C 
NO3X0             3       36.893      0.059        284.172    D_CELLS_MOSST_typ_1_80V_25C 
NO3X1            67     1029.924      1.098      46087.915    D_CELLS_MOSST_typ_1_80V_25C 
NO4X2             2       61.488      0.128          0.000    D_CELLS_MOSST_typ_1_80V_25C 
NO5I1X1           1       33.818      0.080       1400.617    D_CELLS_MOSST_typ_1_80V_25C 
NO5I2X1           3      101.455      0.200       7637.049    D_CELLS_MOSST_typ_1_80V_25C 
NO5I3X1           8      270.547      0.514      12917.411    D_CELLS_MOSST_typ_1_80V_25C 
NO5I4X1           1       36.893      0.084       6481.188    D_CELLS_MOSST_typ_1_80V_25C 
NO6I1X1           1       43.042      0.100       6952.684    D_CELLS_MOSST_typ_1_80V_25C 
NO6I2X1           2       86.083      0.174       7758.715    D_CELLS_MOSST_typ_1_80V_25C 
NO6I3X1           2       92.232      0.214       9457.711    D_CELLS_MOSST_typ_1_80V_25C 
NO6X0             1       33.818      0.061          0.000    D_CELLS_MOSST_typ_1_80V_25C 
NO6X1            11      405.821      0.583      42177.124    D_CELLS_MOSST_typ_1_80V_25C 
OA211X1         737    15860.830     20.750      29112.647    D_CELLS_MOSST_typ_1_80V_25C 
OA21X1           40      737.856      1.406      23068.582    D_CELLS_MOSST_typ_1_80V_25C 
OA221X1          27      664.070      0.941      29011.937    D_CELLS_MOSST_typ_1_80V_25C 
OA222X1           5      138.348      0.209       8457.637    D_CELLS_MOSST_typ_1_80V_25C 
OA22X1            8      172.166      0.328      10855.834    D_CELLS_MOSST_typ_1_80V_25C 
OA22X2            1       24.595      0.060        211.913    D_CELLS_MOSST_typ_1_80V_25C 
OA311X1           3       64.562      0.091       2539.640    D_CELLS_MOSST_typ_1_80V_25C 
OA31X1            4       86.083      0.145        339.160    D_CELLS_MOSST_typ_1_80V_25C 
OA321X1           6      166.018      0.222      26309.442    D_CELLS_MOSST_typ_1_80V_25C 
OA32X1            1       24.595      0.043       1001.166    D_CELLS_MOSST_typ_1_80V_25C 
OA33X1            1       27.670      0.042         14.015    D_CELLS_MOSST_typ_1_80V_25C 
ON211X0           1       15.372      0.026          0.000    D_CELLS_MOSST_typ_1_80V_25C 
ON211X1         748    13797.907     15.436      50838.720    D_CELLS_MOSST_typ_1_80V_25C 
ON21X0            2       24.595      0.062          0.000    D_CELLS_MOSST_typ_1_80V_25C 
ON21X1          106     1629.432      2.565      46043.090    D_CELLS_MOSST_typ_1_80V_25C 
ON221X1         219     5386.349      5.978     125871.218    D_CELLS_MOSST_typ_1_80V_25C 
ON222X1          35      968.436      1.216      62989.341    D_CELLS_MOSST_typ_1_80V_25C 
ON22X0            7      107.604      0.250          0.000    D_CELLS_MOSST_typ_1_80V_25C 
ON22X1         1104    20364.826     33.758      27757.420    D_CELLS_MOSST_typ_1_80V_25C 
ON311X1           4       73.786      0.087       8300.680    D_CELLS_MOSST_typ_1_80V_25C 
ON31X1           39      719.410      0.996      24107.383    D_CELLS_MOSST_typ_1_80V_25C 
ON321X1           8      196.762      0.223      13399.462    D_CELLS_MOSST_typ_1_80V_25C 
ON32X1            4       86.083      0.128       2961.554    D_CELLS_MOSST_typ_1_80V_25C 
ON33X0            3       64.562      0.092        245.060    D_CELLS_MOSST_typ_1_80V_25C 
OR2X1          6587    81004.291    279.994     132423.265    D_CELLS_MOSST_typ_1_80V_25C 
OR2X2            92     1414.224      5.729      19248.188    D_CELLS_MOSST_typ_1_80V_25C 
OR2X4            70     1721.664      7.496      52674.821    D_CELLS_MOSST_typ_1_80V_25C 
OR3X0             1       15.372      0.062         -0.316    D_CELLS_MOSST_typ_1_80V_25C 
OR3X1            20      368.928      0.800      15988.759    D_CELLS_MOSST_typ_1_80V_25C 
OR4X1            21      516.499      1.197      14055.580    D_CELLS_MOSST_typ_1_80V_25C 
OR5X1            41     1134.454      2.076      66161.592    D_CELLS_MOSST_typ_1_80V_25C 
OR6X1            14      473.458      1.015      37085.475    D_CELLS_MOSST_typ_1_80V_25C 
OR6X2             1       46.116      0.077       6829.834    D_CELLS_MOSST_typ_1_80V_25C 
SDFRQX1          86     6081.163     15.771     570753.118    D_CELLS_MOSST_typ_1_80V_25C 
SDFRRQX1          7      538.020      0.929      42238.990    D_CELLS_MOSST_typ_1_80V_25C 
SDFRX1            4      295.142      0.734      32342.228    D_CELLS_MOSST_typ_1_80V_25C 
------------------------------------------------------------------------------------------
total        113455  3797803.246   9887.907  248828109.687                                


                                              Leakage  Leakage    Internal   Internal 
     Type      Instances     Area    Area % Power (nW) Power %   Power (nW)   Power % 
--------------------------------------------------------------------------------------
sequential         56802 2887498.001   76.0   8118.871    82.1 241963503.688     97.2 
inverter            1806   11624.306    0.3     39.358     0.4    437140.959      0.2 
buffer               316    5527.771    0.1     22.218     0.2   2373288.257      1.0 
tristate               2      36.893    0.0      0.075     0.0      3171.858      0.0 
logic              54529  893116.274   23.5   1707.386    17.3   4051004.926      1.6 
physical_cells         0       0.000    0.0      0.000     0.0         0.000      0.0 
--------------------------------------------------------------------------------------
total             113455 3797803.246  100.0   9887.907   100.0 248828109.687    100.0 

