============================================================
  Generated by:           Genus(TM) Synthesis Solution GENUS15.22 - 15.20-s024_1
  Generated on:           Mar 02 2023  07:56:06 pm
  Module:                 neo430_top
  Interconnect mode:      global
  Area mode:              physical library
============================================================


Path 1: MET (1380 ps) Setup Check with Pin neo430_boot_rom_inst_true.neo430_boot_rom_inst_rdata_reg[8]/C->D
          Group: C2C
     Startpoint: (R) neo430_cpu_inst_neo430_control_inst_ctrl_reg[2]/C
          Clock: (R) clk_i
       Endpoint: (F) neo430_boot_rom_inst_true.neo430_boot_rom_inst_rdata_reg[8]/D
          Clock: (R) clk_i

                     Capture       Launch     
        Clock Edge:+   10000            0     
       Src Latency:+       0            0     
       Net Latency:+       0 (I)        0 (I) 
           Arrival:=   10000            0     
                                              
             Setup:-     136                  
     Required Time:=    9864                  
      Launch Clock:-       0                  
         Data Path:-    8484                  
             Slack:=    1380                  

#------------------------------------------------------------------------------------------------------------------------------
#                         Timing Point                          Flags   Arc   Edge   Cell     Fanout  Load Trans Delay Arrival 
#                                                                                                     (fF)  (ps)  (ps)   (ps)  
#------------------------------------------------------------------------------------------------------------------------------
  neo430_cpu_inst_neo430_control_inst_ctrl_reg[2]/C             -       -     R     (arrival)  12844     -     0     -       0 
  neo430_cpu_inst_neo430_control_inst_ctrl_reg[2]/Q             -       C->Q  R     DFRQX2         6  44.7   217   345     345 
  g11409/Q                                                      -       A->Q  F     INX1           7  48.1   226   172     517 
  g11404/Q                                                      -       A->Q  F     AND2X1         7  50.0   224   270     787 
  g11420/Q                                                      -       A->Q  F     AND2X1        16 118.5   493   427    1214 
  g11240/Q                                                      -       D->Q  F     AO222X1        1   9.9   121   401    1615 
  g11234/Q                                                      -       E->Q  R     AN221X1        1   8.7   309   166    1780 
  g11209/Q                                                      -       A->Q  F     NA6X1          4  40.3   197   354    2134 
  g11194/Q                                                      -       A->Q  F     AO22X4        27 188.0   233   361    2495 
  g2159/Q                                                       -       A->Q  F     BUX2           2  31.8    87   157    2652 
  g2158/Q                                                       -       A->Q  F     BUX8         138 948.1   488   358    3010 
  neo430_boot_rom_inst_true.neo430_boot_rom_inst_g110256/Q      -       A->Q  R     INX2         115 770.1  1821  1106    4116 
  neo430_boot_rom_inst_true.neo430_boot_rom_inst_g110203/Q      -       A->Q  R     OR2X1         28 196.9  1617   949    5065 
  neo430_boot_rom_inst_true.neo430_boot_rom_inst_g110351/Q      -       A->Q  F     INX1          33 234.4  1109   904    5969 
  neo430_boot_rom_inst_true.neo430_boot_rom_inst_g110091/Q      -       A->Q  R     NA2X1          8  61.4   712   584    6553 
  neo430_boot_rom_inst_true.neo430_boot_rom_inst_g108926/Q      -       D->Q  R     AO31X1         1   9.0   122   153    6707 
  neo430_boot_rom_inst_true.neo430_boot_rom_inst_g108418/Q      -       E->Q  R     AND6X1         1  11.1   185   232    6938 
  neo430_boot_rom_inst_true.neo430_boot_rom_inst_g108288/Q      -       D->Q  F     ON222X1        1  10.1   245   144    7082 
  neo430_boot_rom_inst_true.neo430_boot_rom_inst_g108252/Q      -       D->Q  R     AN211X1        1  10.9   309   203    7285 
  neo430_boot_rom_inst_true.neo430_boot_rom_inst_g108186/Q      -       D->Q  F     ON211X1        1  11.4   227   140    7425 
  neo430_boot_rom_inst_true.neo430_boot_rom_inst_g108143/Q      -       B->Q  R     NO3I1X1        1  10.6   254   191    7616 
  neo430_boot_rom_inst_true.neo430_boot_rom_inst_g108110/Q      -       A->Q  F     ON22X1         1  10.1   154   115    7730 
  neo430_boot_rom_inst_true.neo430_boot_rom_inst_g108080/Q      -       A->Q  R     NO3X1          1  10.0   243   149    7879 
  neo430_boot_rom_inst_true.neo430_boot_rom_inst_g108045/Q      -       E->Q  F     ON221X1        1  10.1   261   149    8028 
  neo430_boot_rom_inst_true.neo430_boot_rom_inst_g108023/Q      -       D->Q  R     AN211X1        1   8.7   262   192    8220 
  neo430_boot_rom_inst_true.neo430_boot_rom_inst_g108001/Q      -       A->Q  F     NA6X1          1   9.7    82   264    8483 
  neo430_boot_rom_inst_true.neo430_boot_rom_inst_rdata_reg[8]/D -       -     F     DFRQX1         1     -     -     0    8484 
#------------------------------------------------------------------------------------------------------------------------------

