============================================================
  Generated by:           Genus(TM) Synthesis Solution GENUS15.22 - 15.20-s024_1
  Generated on:           Mar 02 2023  08:01:49 pm
  Module:                 neo430_top
  Interconnect mode:      global
  Area mode:              physical library
============================================================


Summary
-------
-----------------------------------------------------------------------
            Category            Number   %   Average Toggle Saving %   
-----------------------------------------------------------------------
 RC Clock Gating Instances        6223  100            99.67           
 Non-RC Clock Gating Instances       0    0            0.00            
-----------------------------------------------------------------------
 RC Gated Flip-flops             50181   99            99.82           
 Non-RC Gated Flip-flops             0    0            0.00            
-----------------------------------------------------------------------
 Total Ungated Flip-flops          398    1              -             
 Enable not found                  350   88              -             
 Register bank width too small      48   12              -             
-----------------------------------------------------------------------
 Total Flip-flops                50579  100              -             
-----------------------------------------------------------------------

