============================================================
  Generated by:           Genus(TM) Synthesis Solution GENUS15.22 - 15.20-s024_1
  Generated on:           Mar 02 2023  07:59:54 pm
  Module:                 neo430_top
  Interconnect mode:      global
  Area mode:              physical library
============================================================

                                 
  Gate    Instances     Area                 Library            
----------------------------------------------------------------
AN211X0           1       15.372    D_CELLS_MOSST_typ_1_80V_25C 
AN211X1         158     2914.531    D_CELLS_MOSST_typ_1_80V_25C 
AN21X1          119     1463.414    D_CELLS_MOSST_typ_1_80V_25C 
AN221X0           1       18.446    D_CELLS_MOSST_typ_1_80V_25C 
AN221X1        7493   161255.354    D_CELLS_MOSST_typ_1_80V_25C 
AN222X1          40      983.808    D_CELLS_MOSST_typ_1_80V_25C 
AN22X1         9645   148262.940    D_CELLS_MOSST_typ_1_80V_25C 
AN311X1           4       86.083    D_CELLS_MOSST_typ_1_80V_25C 
AN31X1           58      891.576    D_CELLS_MOSST_typ_1_80V_25C 
AN321X1           8      196.762    D_CELLS_MOSST_typ_1_80V_25C 
AN32X1           17      313.589    D_CELLS_MOSST_typ_1_80V_25C 
AN33X1            4       86.083    D_CELLS_MOSST_typ_1_80V_25C 
AND2X1         7783    95712.221    D_CELLS_MOSST_typ_1_80V_25C 
AND2X2            2       36.893    D_CELLS_MOSST_typ_1_80V_25C 
AND2X4            9      249.026    D_CELLS_MOSST_typ_1_80V_25C 
AND3X1           61      937.692    D_CELLS_MOSST_typ_1_80V_25C 
AND4X1           25      614.880    D_CELLS_MOSST_typ_1_80V_25C 
AND5X1           26      719.410    D_CELLS_MOSST_typ_1_80V_25C 
AND6X1         2958    90940.752    D_CELLS_MOSST_typ_1_80V_25C 
AO211X0           1       18.446    D_CELLS_MOSST_typ_1_80V_25C 
AO211X1           4       86.083    D_CELLS_MOSST_typ_1_80V_25C 
AO211X2           1       27.670    D_CELLS_MOSST_typ_1_80V_25C 
AO21X0            2       30.744    D_CELLS_MOSST_typ_1_80V_25C 
AO21X1           52      959.213    D_CELLS_MOSST_typ_1_80V_25C 
AO221X1          48     1180.570    D_CELLS_MOSST_typ_1_80V_25C 
AO222X0          12      295.142    D_CELLS_MOSST_typ_1_80V_25C 
AO222X1          39     1079.114    D_CELLS_MOSST_typ_1_80V_25C 
AO222X4           2       73.786    D_CELLS_MOSST_typ_1_80V_25C 
AO22X0            4       73.786    D_CELLS_MOSST_typ_1_80V_25C 
AO22X1         5814   125121.931    D_CELLS_MOSST_typ_1_80V_25C 
AO22X2            4      110.678    D_CELLS_MOSST_typ_1_80V_25C 
AO22X4            6      184.464    D_CELLS_MOSST_typ_1_80V_25C 
AO311X1           1       21.521    D_CELLS_MOSST_typ_1_80V_25C 
AO31X1           32      688.666    D_CELLS_MOSST_typ_1_80V_25C 
AO321X1           5      138.348    D_CELLS_MOSST_typ_1_80V_25C 
AO32X1            5      122.976    D_CELLS_MOSST_typ_1_80V_25C 
BUCX12            1       52.265    D_CELLS_MOSST_typ_1_80V_25C 
BUCX16           17     1149.826    D_CELLS_MOSST_typ_1_80V_25C 
BUCX4            12      295.142    D_CELLS_MOSST_typ_1_80V_25C 
BUCX8             2       79.934    D_CELLS_MOSST_typ_1_80V_25C 
BUX1            157     1930.723    D_CELLS_MOSST_typ_1_80V_25C 
BUX2            123     1890.756    D_CELLS_MOSST_typ_1_80V_25C 
BUX3              2       43.042    D_CELLS_MOSST_typ_1_80V_25C 
BUX8              2       86.083    D_CELLS_MOSST_typ_1_80V_25C 
DFRQX1        46474  2428954.315    D_CELLS_MOSST_typ_1_80V_25C 
DFRQX2            4      221.357    D_CELLS_MOSST_typ_1_80V_25C 
DFRRQX1          16      983.808    D_CELLS_MOSST_typ_1_80V_25C 
DFRRX1            4      258.250    D_CELLS_MOSST_typ_1_80V_25C 
DFRX1          3980   220250.016    D_CELLS_MOSST_typ_1_80V_25C 
DFRX4             4      332.035    D_CELLS_MOSST_typ_1_80V_25C 
DLLQX1         6223   229583.894    D_CELLS_MOSST_typ_1_80V_25C 
EN2X0            30      461.160    D_CELLS_MOSST_typ_1_80V_25C 
EN2X1            17      365.854    D_CELLS_MOSST_typ_1_80V_25C 
EO2X0             1       15.372    D_CELLS_MOSST_typ_1_80V_25C 
EO2X1            61     1312.769    D_CELLS_MOSST_typ_1_80V_25C 
EO3X0             3       83.009    D_CELLS_MOSST_typ_1_80V_25C 
FAX0             50     2613.240    D_CELLS_MOSST_typ_1_80V_25C 
FAX1             59     3446.402    D_CELLS_MOSST_typ_1_80V_25C 
HAX1             59     1813.896    D_CELLS_MOSST_typ_1_80V_25C 
INX0              2       12.298    D_CELLS_MOSST_typ_1_80V_25C 
INX1           1780    10944.864    D_CELLS_MOSST_typ_1_80V_25C 
INX16             3      221.357    D_CELLS_MOSST_typ_1_80V_25C 
INX2              2       18.446    D_CELLS_MOSST_typ_1_80V_25C 
INX3              8      122.976    D_CELLS_MOSST_typ_1_80V_25C 
INX4              2       36.893    D_CELLS_MOSST_typ_1_80V_25C 
INX6              1       21.521    D_CELLS_MOSST_typ_1_80V_25C 
INX8              8      245.952    D_CELLS_MOSST_typ_1_80V_25C 
ITLX1             2       36.893    D_CELLS_MOSST_typ_1_80V_25C 
MU2IX1           18      332.035    D_CELLS_MOSST_typ_1_80V_25C 
MU2X1            56     1377.331    D_CELLS_MOSST_typ_1_80V_25C 
MU2X2             4       98.381    D_CELLS_MOSST_typ_1_80V_25C 
MU2X4             3       92.232    D_CELLS_MOSST_typ_1_80V_25C 
MU4IX1            4      209.059    D_CELLS_MOSST_typ_1_80V_25C 
MU4X1            13      599.508    D_CELLS_MOSST_typ_1_80V_25C 
NA2I1X0           1       12.298    D_CELLS_MOSST_typ_1_80V_25C 
NA2I1X1          68     1045.296    D_CELLS_MOSST_typ_1_80V_25C 
NA2I1X2           1       18.446    D_CELLS_MOSST_typ_1_80V_25C 
NA2X1           668     6161.098    D_CELLS_MOSST_typ_1_80V_25C 
NA2X4            21      645.624    D_CELLS_MOSST_typ_1_80V_25C 
NA3I1X0           2       30.744    D_CELLS_MOSST_typ_1_80V_25C 
NA3I1X1          34      627.178    D_CELLS_MOSST_typ_1_80V_25C 
NA3I2X1           5      107.604    D_CELLS_MOSST_typ_1_80V_25C 
NA3X1           104     1278.950    D_CELLS_MOSST_typ_1_80V_25C 
NA4X1             1       27.670    D_CELLS_MOSST_typ_1_80V_25C 
NA5I1X1           4      135.274    D_CELLS_MOSST_typ_1_80V_25C 
NA5I2X1           2       67.637    D_CELLS_MOSST_typ_1_80V_25C 
NA5I3X1           1       33.818    D_CELLS_MOSST_typ_1_80V_25C 
NA5I4X1           1       36.893    D_CELLS_MOSST_typ_1_80V_25C 
NA5X1             1       30.744    D_CELLS_MOSST_typ_1_80V_25C 
NA6I1X1           1       36.893    D_CELLS_MOSST_typ_1_80V_25C 
NA6I3X1           4      147.571    D_CELLS_MOSST_typ_1_80V_25C 
NA6X1            81     2739.290    D_CELLS_MOSST_typ_1_80V_25C 
NO2I1X1         158     1943.021    D_CELLS_MOSST_typ_1_80V_25C 
NO2I1X2           1       21.521    D_CELLS_MOSST_typ_1_80V_25C 
NO2I1X4           1       30.744    D_CELLS_MOSST_typ_1_80V_25C 
NO2X1          8425    77705.460    D_CELLS_MOSST_typ_1_80V_25C 
NO2X4             4      110.678    D_CELLS_MOSST_typ_1_80V_25C 
NO3I1X1          47      866.981    D_CELLS_MOSST_typ_1_80V_25C 
NO3I2X1           9      193.687    D_CELLS_MOSST_typ_1_80V_25C 
NO3X0             3       36.893    D_CELLS_MOSST_typ_1_80V_25C 
NO3X1            67     1029.924    D_CELLS_MOSST_typ_1_80V_25C 
NO4X2             2       61.488    D_CELLS_MOSST_typ_1_80V_25C 
NO5I1X1           1       33.818    D_CELLS_MOSST_typ_1_80V_25C 
NO5I2X1           3      101.455    D_CELLS_MOSST_typ_1_80V_25C 
NO5I3X1           8      270.547    D_CELLS_MOSST_typ_1_80V_25C 
NO5I4X1           1       36.893    D_CELLS_MOSST_typ_1_80V_25C 
NO6I1X1           1       43.042    D_CELLS_MOSST_typ_1_80V_25C 
NO6I2X1           2       86.083    D_CELLS_MOSST_typ_1_80V_25C 
NO6I3X1           2       92.232    D_CELLS_MOSST_typ_1_80V_25C 
NO6X0             1       33.818    D_CELLS_MOSST_typ_1_80V_25C 
NO6X1            11      405.821    D_CELLS_MOSST_typ_1_80V_25C 
OA211X1         737    15860.830    D_CELLS_MOSST_typ_1_80V_25C 
OA21X1           40      737.856    D_CELLS_MOSST_typ_1_80V_25C 
OA221X1          27      664.070    D_CELLS_MOSST_typ_1_80V_25C 
OA222X1           5      138.348    D_CELLS_MOSST_typ_1_80V_25C 
OA22X1            8      172.166    D_CELLS_MOSST_typ_1_80V_25C 
OA22X2            1       24.595    D_CELLS_MOSST_typ_1_80V_25C 
OA311X1           3       64.562    D_CELLS_MOSST_typ_1_80V_25C 
OA31X1            4       86.083    D_CELLS_MOSST_typ_1_80V_25C 
OA321X1           6      166.018    D_CELLS_MOSST_typ_1_80V_25C 
OA32X1            1       24.595    D_CELLS_MOSST_typ_1_80V_25C 
OA33X1            1       27.670    D_CELLS_MOSST_typ_1_80V_25C 
ON211X0           1       15.372    D_CELLS_MOSST_typ_1_80V_25C 
ON211X1         748    13797.907    D_CELLS_MOSST_typ_1_80V_25C 
ON21X0            2       24.595    D_CELLS_MOSST_typ_1_80V_25C 
ON21X1          106     1629.432    D_CELLS_MOSST_typ_1_80V_25C 
ON221X1         219     5386.349    D_CELLS_MOSST_typ_1_80V_25C 
ON222X1          35      968.436    D_CELLS_MOSST_typ_1_80V_25C 
ON22X0            7      107.604    D_CELLS_MOSST_typ_1_80V_25C 
ON22X1         1104    20364.826    D_CELLS_MOSST_typ_1_80V_25C 
ON311X1           4       73.786    D_CELLS_MOSST_typ_1_80V_25C 
ON31X1           39      719.410    D_CELLS_MOSST_typ_1_80V_25C 
ON321X1           8      196.762    D_CELLS_MOSST_typ_1_80V_25C 
ON32X1            4       86.083    D_CELLS_MOSST_typ_1_80V_25C 
ON33X0            3       64.562    D_CELLS_MOSST_typ_1_80V_25C 
OR2X1          6587    81004.291    D_CELLS_MOSST_typ_1_80V_25C 
OR2X2            92     1414.224    D_CELLS_MOSST_typ_1_80V_25C 
OR2X4            70     1721.664    D_CELLS_MOSST_typ_1_80V_25C 
OR3X0             1       15.372    D_CELLS_MOSST_typ_1_80V_25C 
OR3X1            20      368.928    D_CELLS_MOSST_typ_1_80V_25C 
OR4X1            21      516.499    D_CELLS_MOSST_typ_1_80V_25C 
OR5X1            41     1134.454    D_CELLS_MOSST_typ_1_80V_25C 
OR6X1            14      473.458    D_CELLS_MOSST_typ_1_80V_25C 
OR6X2             1       46.116    D_CELLS_MOSST_typ_1_80V_25C 
SDFRQX1          86     6081.163    D_CELLS_MOSST_typ_1_80V_25C 
SDFRRQX1          7      538.020    D_CELLS_MOSST_typ_1_80V_25C 
SDFRX1            4      295.142    D_CELLS_MOSST_typ_1_80V_25C 
----------------------------------------------------------------
total        113455  3797803.246                                


                                            
     Type      Instances     Area    Area % 
--------------------------------------------
sequential         56802 2887498.001   76.0 
inverter            1806   11624.306    0.3 
buffer               316    5527.771    0.1 
tristate               2      36.893    0.0 
logic              54529  893116.274   23.5 
physical_cells         0       0.000    0.0 
--------------------------------------------
total             113455 3797803.246  100.0 

