============================================================
  Generated by:           Genus(TM) Synthesis Solution GENUS15.22 - 15.20-s024_1
  Generated on:           Feb 22 2023  11:54:15 am
  Module:                 neo430_top
  Interconnect mode:      global
  Area mode:              physical library
============================================================

Timing
--------

Clock Period 
-------------
clk_i 5000.0 


         Cost           Critical       Violating 
        Group          Path Slack TNS    Paths   
-------------------------------------------------
C2C                        1123.4   0          0 
C2O                      No paths   0            
cg_enable_group_clk_i         0.0   0          0 
clk_i                      1299.8   0          0 
default                  No paths   0            
I2C                        4307.7   0          0 
I2O                      No paths   0            
-------------------------------------------------
Total                               0          0 

Instance Count
--------------
Leaf Instance Count             101503 
Sequential Instance Count        56809 
Combinational Instance Count     44694 
Hierarchical Instance Count       6252 

Area
----
Cell Area                          4446053.039
Physical Cell Area                 0.000
Total Cell Area (Cell+Physical)    4446053.039
Net Area                           845.702
Total Area (Cell+Physical+Net)     4446898.741

Runtime                            29.000 seconds
Elapsed Runtime                    387 seconds
Genus peak memory usage            1590.72 
Innovus peak memory usage          no_value 
Hostname                           pgmicro04
