============================================================
  Generated by:           Genus(TM) Synthesis Solution GENUS15.22 - 15.20-s024_1
  Generated on:           Feb 22 2023  11:54:16 am
  Module:                 neo430_top
  Interconnect mode:      global
  Area mode:              physical library
============================================================

                    Instance                      Cells  Cell Area  Net Area   Total Area 
------------------------------------------------------------------------------------------
neo430_top                                       101503    4446053       846      4446899 
  neo430_imem_inst                                57555    2767459         0      2767459 
  neo430_dmem_inst                                29913    1410399         0      1410399 
  neo430_boot_rom_inst_true.neo430_boot_rom_inst   6883      92805         0        92805 
  neo430_cpu_inst                                  2282      56606         0        56606 
    neo430_reg_file_inst                            617      22886         0        22886 
    neo430_control_inst                             847      15617         0        15617 
    neo430_alu_inst                                 523      11040         0        11040 
    neo430_addr_gen_inst                            251       5792         0         5792 
      add_80_51                                     169       2375         0         2375 
  neo430_muldiv_inst_true.neo430_muldiv_inst       1064      22183         0        22183 
    sub_197_78                                      207       2794         0         2794 
    sub_190_86                                      202       2723         0         2723 
    add_199_78                                      189       2652         0         2652 
  neo430_freq_gen_inst_true.neo430_freq_gen_inst    743      16201         0        16201 
    add_159_78_I3                                   186       2604         0         2604 
    add_159_78_I2                                   186       2604         0         2604 
    add_159_78_I1                                   186       2604         0         2604 
  neo430_uart_inst_true.neo430_uart_inst            335       9391         0         9391 
  neo430_crc_inst_true.neo430_crc_inst              251       9280         0         9280 
  neo430_wb32_if_inst_true.neo430_wb32_inst         228       8854         0         8854 
  neo430_pwm_inst_true.neo430_pwm_inst              385       8554         0         8554 
  neo430_gpio_inst_true.neo430_gpio_inst            244       7844         0         7844 
  neo430_spi_inst_true.neo430_spi_inst              252       7079         0         7079 
  neo430_timer_inst_true.neo430_timer_inst          221       5903         0         5903 
  neo430_exirq_inst_true.neo430_exirq_inst          215       5682         0         5682 
  neo430_twi_inst_true.neo430_twi_inst              216       5264         0         5264 
  neo430_wdt_inst_true.neo430_wdt_inst              167       3859         0         3859 
    inc_add_157_75_13                                72        939         0          939 
  neo430_sysconfig_inst                              52       1349         0         1349 
