============================================================
  Generated by:           Genus(TM) Synthesis Solution GENUS15.22 - 15.20-s024_1
  Generated on:           Mar 02 2023  07:55:49 pm
  Module:                 neo430_top
  Interconnect mode:      global
  Area mode:              physical library
============================================================

                                 
  Gate    Instances     Area                 Library            
----------------------------------------------------------------
AN211X0           1       15.372    D_CELLS_MOSST_typ_1_80V_25C 
AN211X1         158     2914.531    D_CELLS_MOSST_typ_1_80V_25C 
AN21X1          118     1451.117    D_CELLS_MOSST_typ_1_80V_25C 
AN221X0           1       18.446    D_CELLS_MOSST_typ_1_80V_25C 
AN221X1        7493   161255.354    D_CELLS_MOSST_typ_1_80V_25C 
AN222X1          40      983.808    D_CELLS_MOSST_typ_1_80V_25C 
AN22X1         9645   148262.940    D_CELLS_MOSST_typ_1_80V_25C 
AN311X1           4       86.083    D_CELLS_MOSST_typ_1_80V_25C 
AN31X1           59      906.948    D_CELLS_MOSST_typ_1_80V_25C 
AN321X1           8      196.762    D_CELLS_MOSST_typ_1_80V_25C 
AN32X1           17      313.589    D_CELLS_MOSST_typ_1_80V_25C 
AN33X1            4       86.083    D_CELLS_MOSST_typ_1_80V_25C 
AND2X1         7783    95712.221    D_CELLS_MOSST_typ_1_80V_25C 
AND2X2            6      110.678    D_CELLS_MOSST_typ_1_80V_25C 
AND2X4            9      249.026    D_CELLS_MOSST_typ_1_80V_25C 
AND3X1           61      937.692    D_CELLS_MOSST_typ_1_80V_25C 
AND4X1           25      614.880    D_CELLS_MOSST_typ_1_80V_25C 
AND5X1           27      747.079    D_CELLS_MOSST_typ_1_80V_25C 
AND6X1         2958    90940.752    D_CELLS_MOSST_typ_1_80V_25C 
AO211X0           1       18.446    D_CELLS_MOSST_typ_1_80V_25C 
AO211X1           4       86.083    D_CELLS_MOSST_typ_1_80V_25C 
AO21X0            2       30.744    D_CELLS_MOSST_typ_1_80V_25C 
AO21X1           54      996.106    D_CELLS_MOSST_typ_1_80V_25C 
AO221X1          48     1180.570    D_CELLS_MOSST_typ_1_80V_25C 
AO222X0          12      295.142    D_CELLS_MOSST_typ_1_80V_25C 
AO222X1          39     1079.114    D_CELLS_MOSST_typ_1_80V_25C 
AO222X4           2       73.786    D_CELLS_MOSST_typ_1_80V_25C 
AO22X0            8      147.571    D_CELLS_MOSST_typ_1_80V_25C 
AO22X1         5811   125057.369    D_CELLS_MOSST_typ_1_80V_25C 
AO22X2            1       27.670    D_CELLS_MOSST_typ_1_80V_25C 
AO22X4            5      153.720    D_CELLS_MOSST_typ_1_80V_25C 
AO311X1           1       21.521    D_CELLS_MOSST_typ_1_80V_25C 
AO31X1           32      688.666    D_CELLS_MOSST_typ_1_80V_25C 
AO321X1           5      138.348    D_CELLS_MOSST_typ_1_80V_25C 
AO32X1            5      122.976    D_CELLS_MOSST_typ_1_80V_25C 
BUCX12            1       52.265    D_CELLS_MOSST_typ_1_80V_25C 
BUCX16           17     1149.826    D_CELLS_MOSST_typ_1_80V_25C 
BUCX4            34      836.237    D_CELLS_MOSST_typ_1_80V_25C 
BUCX8             2       79.934    D_CELLS_MOSST_typ_1_80V_25C 
BUX1            558     6862.061    D_CELLS_MOSST_typ_1_80V_25C 
BUX2            326     5011.272    D_CELLS_MOSST_typ_1_80V_25C 
BUX3              2       43.042    D_CELLS_MOSST_typ_1_80V_25C 
BUX8              2       86.083    D_CELLS_MOSST_typ_1_80V_25C 
DFRQX1        46467  2428588.462    D_CELLS_MOSST_typ_1_80V_25C 
DFRQX2           93     5146.546    D_CELLS_MOSST_typ_1_80V_25C 
DFRQX4            6      424.267    D_CELLS_MOSST_typ_1_80V_25C 
DFRRQX1          14      860.832    D_CELLS_MOSST_typ_1_80V_25C 
DFRRQX4           2      166.018    D_CELLS_MOSST_typ_1_80V_25C 
DFRRX1            1       64.562    D_CELLS_MOSST_typ_1_80V_25C 
DFRRX4            3      276.696    D_CELLS_MOSST_typ_1_80V_25C 
DFRX1          3896   215601.523    D_CELLS_MOSST_typ_1_80V_25C 
DLLQX1         6223   229583.894    D_CELLS_MOSST_typ_1_80V_25C 
EN2X0            31      476.532    D_CELLS_MOSST_typ_1_80V_25C 
EN2X1            16      344.333    D_CELLS_MOSST_typ_1_80V_25C 
EO2X0             1       15.372    D_CELLS_MOSST_typ_1_80V_25C 
EO2X1            61     1312.769    D_CELLS_MOSST_typ_1_80V_25C 
EO3X0             3       83.009    D_CELLS_MOSST_typ_1_80V_25C 
FAX0             50     2613.240    D_CELLS_MOSST_typ_1_80V_25C 
FAX1             59     3446.402    D_CELLS_MOSST_typ_1_80V_25C 
HAX1             59     1813.896    D_CELLS_MOSST_typ_1_80V_25C 
INX0              3       18.446    D_CELLS_MOSST_typ_1_80V_25C 
INX1           1880    11559.744    D_CELLS_MOSST_typ_1_80V_25C 
INX16             3      221.357    D_CELLS_MOSST_typ_1_80V_25C 
INX2              2       18.446    D_CELLS_MOSST_typ_1_80V_25C 
INX3             10      153.720    D_CELLS_MOSST_typ_1_80V_25C 
INX4              2       36.893    D_CELLS_MOSST_typ_1_80V_25C 
INX6              1       21.521    D_CELLS_MOSST_typ_1_80V_25C 
INX8              8      245.952    D_CELLS_MOSST_typ_1_80V_25C 
ITLX1             2       36.893    D_CELLS_MOSST_typ_1_80V_25C 
MU2IX1           18      332.035    D_CELLS_MOSST_typ_1_80V_25C 
MU2X1            56     1377.331    D_CELLS_MOSST_typ_1_80V_25C 
MU2X2             4       98.381    D_CELLS_MOSST_typ_1_80V_25C 
MU2X4             1       30.744    D_CELLS_MOSST_typ_1_80V_25C 
MU4IX1            4      209.059    D_CELLS_MOSST_typ_1_80V_25C 
MU4X1            13      599.508    D_CELLS_MOSST_typ_1_80V_25C 
NA2I1X0           1       12.298    D_CELLS_MOSST_typ_1_80V_25C 
NA2I1X1          67     1029.924    D_CELLS_MOSST_typ_1_80V_25C 
NA2I1X2           1       18.446    D_CELLS_MOSST_typ_1_80V_25C 
NA2X1           675     6225.660    D_CELLS_MOSST_typ_1_80V_25C 
NA2X4            21      645.624    D_CELLS_MOSST_typ_1_80V_25C 
NA3I1X0           2       30.744    D_CELLS_MOSST_typ_1_80V_25C 
NA3I1X1          34      627.178    D_CELLS_MOSST_typ_1_80V_25C 
NA3I2X1           5      107.604    D_CELLS_MOSST_typ_1_80V_25C 
NA3X1           104     1278.950    D_CELLS_MOSST_typ_1_80V_25C 
NA4X1             1       27.670    D_CELLS_MOSST_typ_1_80V_25C 
NA5I1X1           4      135.274    D_CELLS_MOSST_typ_1_80V_25C 
NA5I2X1           2       67.637    D_CELLS_MOSST_typ_1_80V_25C 
NA5I3X1           1       33.818    D_CELLS_MOSST_typ_1_80V_25C 
NA5I4X1           1       36.893    D_CELLS_MOSST_typ_1_80V_25C 
NA5X1             1       30.744    D_CELLS_MOSST_typ_1_80V_25C 
NA6I1X1           1       36.893    D_CELLS_MOSST_typ_1_80V_25C 
NA6I3X1           4      147.571    D_CELLS_MOSST_typ_1_80V_25C 
NA6X1            82     2773.109    D_CELLS_MOSST_typ_1_80V_25C 
NO2I1X1         162     1992.211    D_CELLS_MOSST_typ_1_80V_25C 
NO2I1X2           1       21.521    D_CELLS_MOSST_typ_1_80V_25C 
NO2I1X4           1       30.744    D_CELLS_MOSST_typ_1_80V_25C 
NO2X1          8432    77770.022    D_CELLS_MOSST_typ_1_80V_25C 
NO2X2             2       30.744    D_CELLS_MOSST_typ_1_80V_25C 
NO2X4             4      110.678    D_CELLS_MOSST_typ_1_80V_25C 
NO3I1X1          48      885.427    D_CELLS_MOSST_typ_1_80V_25C 
NO3I2X1          10      215.208    D_CELLS_MOSST_typ_1_80V_25C 
NO3X0             3       36.893    D_CELLS_MOSST_typ_1_80V_25C 
NO3X1            67     1029.924    D_CELLS_MOSST_typ_1_80V_25C 
NO4X2             2       61.488    D_CELLS_MOSST_typ_1_80V_25C 
NO5I1X1           1       33.818    D_CELLS_MOSST_typ_1_80V_25C 
NO5I2X1           3      101.455    D_CELLS_MOSST_typ_1_80V_25C 
NO5I3X1           7      236.729    D_CELLS_MOSST_typ_1_80V_25C 
NO5I4X1           1       36.893    D_CELLS_MOSST_typ_1_80V_25C 
NO6I1X1           1       43.042    D_CELLS_MOSST_typ_1_80V_25C 
NO6I2X1           2       86.083    D_CELLS_MOSST_typ_1_80V_25C 
NO6I3X1           2       92.232    D_CELLS_MOSST_typ_1_80V_25C 
NO6X0             1       33.818    D_CELLS_MOSST_typ_1_80V_25C 
NO6X1            11      405.821    D_CELLS_MOSST_typ_1_80V_25C 
OA211X1         737    15860.830    D_CELLS_MOSST_typ_1_80V_25C 
OA21X1           40      737.856    D_CELLS_MOSST_typ_1_80V_25C 
OA221X1          27      664.070    D_CELLS_MOSST_typ_1_80V_25C 
OA222X1           5      138.348    D_CELLS_MOSST_typ_1_80V_25C 
OA22X1            8      172.166    D_CELLS_MOSST_typ_1_80V_25C 
OA311X1           3       64.562    D_CELLS_MOSST_typ_1_80V_25C 
OA31X1            4       86.083    D_CELLS_MOSST_typ_1_80V_25C 
OA321X1           6      166.018    D_CELLS_MOSST_typ_1_80V_25C 
OA32X1            1       24.595    D_CELLS_MOSST_typ_1_80V_25C 
OA33X1            1       27.670    D_CELLS_MOSST_typ_1_80V_25C 
ON211X0           1       15.372    D_CELLS_MOSST_typ_1_80V_25C 
ON211X1         748    13797.907    D_CELLS_MOSST_typ_1_80V_25C 
ON21X0            2       24.595    D_CELLS_MOSST_typ_1_80V_25C 
ON21X1          107     1644.804    D_CELLS_MOSST_typ_1_80V_25C 
ON221X1         219     5386.349    D_CELLS_MOSST_typ_1_80V_25C 
ON222X1          35      968.436    D_CELLS_MOSST_typ_1_80V_25C 
ON22X0            8      122.976    D_CELLS_MOSST_typ_1_80V_25C 
ON22X1         1103    20346.379    D_CELLS_MOSST_typ_1_80V_25C 
ON311X1           4       73.786    D_CELLS_MOSST_typ_1_80V_25C 
ON31X1           39      719.410    D_CELLS_MOSST_typ_1_80V_25C 
ON321X1           8      196.762    D_CELLS_MOSST_typ_1_80V_25C 
ON32X1            4       86.083    D_CELLS_MOSST_typ_1_80V_25C 
ON33X0            3       64.562    D_CELLS_MOSST_typ_1_80V_25C 
OR2X1          6589    81028.886    D_CELLS_MOSST_typ_1_80V_25C 
OR2X2            87     1337.364    D_CELLS_MOSST_typ_1_80V_25C 
OR2X4            75     1844.640    D_CELLS_MOSST_typ_1_80V_25C 
OR3X0             1       15.372    D_CELLS_MOSST_typ_1_80V_25C 
OR3X1            21      387.374    D_CELLS_MOSST_typ_1_80V_25C 
OR4X1            21      516.499    D_CELLS_MOSST_typ_1_80V_25C 
OR5X1            42     1162.123    D_CELLS_MOSST_typ_1_80V_25C 
OR6X1            14      473.458    D_CELLS_MOSST_typ_1_80V_25C 
SDFRQX0           8      516.499    D_CELLS_MOSST_typ_1_80V_25C 
SDFRQX1          68     4808.362    D_CELLS_MOSST_typ_1_80V_25C 
SDFRQX2           4      282.845    D_CELLS_MOSST_typ_1_80V_25C 
SDFRQX4           6      498.053    D_CELLS_MOSST_typ_1_80V_25C 
SDFRRQX1          7      538.020    D_CELLS_MOSST_typ_1_80V_25C 
SDFRX0            2      135.274    D_CELLS_MOSST_typ_1_80V_25C 
SDFRX1            2      147.571    D_CELLS_MOSST_typ_1_80V_25C 
----------------------------------------------------------------
total        114209  3807423.043                                


                                            
     Type      Instances     Area    Area % 
--------------------------------------------
sequential         56802 2887639.423   75.8 
inverter            1909   12276.079    0.3 
buffer               942   14120.719    0.4 
tristate               2      36.893    0.0 
logic              54554  893349.929   23.5 
physical_cells         0       0.000    0.0 
--------------------------------------------
total             114209 3807423.043  100.0 

