============================================================
  Generated by:           Genus(TM) Synthesis Solution GENUS15.22 - 15.20-s024_1
  Generated on:           Mar 02 2023  07:55:44 pm
  Module:                 neo430_top
  Interconnect mode:      global
  Area mode:              physical library
============================================================

Timing
--------

Clock  Period 
--------------
clk_i 10000.0 


         Cost           Critical       Violating 
        Group          Path Slack TNS    Paths   
-------------------------------------------------
C2C                        1380.3   0          0 
C2O                      No paths   0            
cg_enable_group_clk_i         0.0   0          0 
clk_i                      2735.7   0          0 
default                  No paths   0            
I2C                        8943.3   0          0 
I2O                      No paths   0            
-------------------------------------------------
Total                               0          0 

Instance Count
--------------
Leaf Instance Count             114209 
Sequential Instance Count        56802 
Combinational Instance Count     57407 
Hierarchical Instance Count       6225 

Area
----
Cell Area                          3807423.043
Physical Cell Area                 0.000
Total Cell Area (Cell+Physical)    3807423.043
Net Area                           1258022.454
Total Area (Cell+Physical+Net)     5065445.497

Runtime                            1178.869 seconds
Elapsed Runtime                    3261 seconds
Genus peak memory usage            1696.25 
Innovus peak memory usage          no_value 
Hostname                           pgmicro04
