============================================================
  Generated by:           Genus(TM) Synthesis Solution GENUS15.22 - 15.20-s024_1
  Generated on:           Mar 02 2023  08:09:59 pm
  Module:                 neo430_top
  Interconnect mode:      global
  Area mode:              physical library
============================================================

Timing
--------

Clock  Period 
--------------
clk_i 10000.0 


         Cost           Critical       Violating 
        Group          Path Slack TNS    Paths   
-------------------------------------------------
C2C                         462.8   0          0 
C2O                      No paths   0            
cg_enable_group_clk_i         0.0   0          0 
clk_i                      2853.9   0          0 
default                  No paths   0            
I2C                        8954.2   0          0 
I2O                      No paths   0            
-------------------------------------------------
Total                               0          0 

Instance Count
--------------
Leaf Instance Count             113455 
Sequential Instance Count        56802 
Combinational Instance Count     56653 
Hierarchical Instance Count       6225 

Area
----
Cell Area                          3797803.246
Physical Cell Area                 0.000
Total Cell Area (Cell+Physical)    3797803.246
Net Area                           1252676.705
Total Area (Cell+Physical+Net)     5050479.951

Runtime                            1178.869 seconds
Elapsed Runtime                    4116 seconds
Genus peak memory usage            1696.25 
Innovus peak memory usage          no_value 
Hostname                           pgmicro04
