============================================================
  Generated by:           Genus(TM) Synthesis Solution GENUS15.22 - 15.20-s024_1
  Generated on:           Feb 22 2023  12:44:43 pm
  Module:                 neo430_top
  Interconnect mode:      global
  Area mode:              physical library
============================================================

Timing
--------

Clock Period 
-------------
clk_i 5000.0 


         Cost           Critical       Violating 
        Group          Path Slack TNS    Paths   
-------------------------------------------------
C2C                           3.7   0          0 
C2O                      No paths   0            
cg_enable_group_clk_i         0.0   0          0 
clk_i                       987.0   0          0 
default                  No paths   0            
I2C                        3931.2   0          0 
I2O                      No paths   0            
-------------------------------------------------
Total                               0          0 

Instance Count
--------------
Leaf Instance Count             112933 
Sequential Instance Count        56802 
Combinational Instance Count     56131 
Hierarchical Instance Count       6225 

Area
----
Cell Area                          3788204.969
Physical Cell Area                 0.000
Total Cell Area (Cell+Physical)    3788204.969
Net Area                           1249264.729
Total Area (Cell+Physical+Net)     5037469.698

Runtime                            1155.917 seconds
Elapsed Runtime                    3416 seconds
Genus peak memory usage            1685.38 
Innovus peak memory usage          no_value 
Hostname                           pgmicro04
