============================================================
  Generated by:           Genus(TM) Synthesis Solution GENUS15.22 - 15.20-s024_1
  Generated on:           Feb 22 2023  12:41:24 pm
  Module:                 neo430_top
  Interconnect mode:      global
  Area mode:              physical library
============================================================


Path 1: MET (3918 ps) Setup Check with Pin neo430_wb32_if_inst_true.neo430_wb32_inst_pending_reg/C->SE
          Group: I2C
     Startpoint: (F) wb_ack_i
          Clock: (R) clk_i
       Endpoint: (R) neo430_wb32_if_inst_true.neo430_wb32_inst_pending_reg/SE
          Clock: (R) clk_i

                     Capture       Launch     
        Clock Edge:+    5000            0     
       Src Latency:+       0            0     
       Net Latency:+       0 (I)        0 (I) 
           Arrival:=    5000            0     
                                              
             Setup:-     530                  
     Required Time:=    4470                  
      Launch Clock:-       0                  
       Input Delay:-     200                  
         Data Path:-     352                  
             Slack:=    3918                  

#------------------------------------------------------------------------------------------------------------------------
#                      Timing Point                        Flags   Arc   Edge   Cell     Fanout Load Trans Delay Arrival 
#                                                                                               (fF)  (ps)  (ps)   (ps)  
#------------------------------------------------------------------------------------------------------------------------
  wb_ack_i                                                 -       -     F     (arrival)      1  9.7   160     0     200 
  neo430_wb32_if_inst_true.neo430_wb32_inst_g1022/Q        -       C->Q  F     AND3X1         2 14.9   100   218     418 
  neo430_wb32_if_inst_true.neo430_wb32_inst_g1303/Q        -       A->Q  R     NO2X1          1 14.4   214   133     552 
  neo430_wb32_if_inst_true.neo430_wb32_inst_pending_reg/SE -       -     R     SDFRQX4        1    -     -     0     552 
#------------------------------------------------------------------------------------------------------------------------

