============================================================
  Generated by:           Genus(TM) Synthesis Solution GENUS15.22 - 15.20-s024_1
  Generated on:           Feb 22 2023  12:41:24 pm
  Module:                 neo430_top
  Interconnect mode:      global
  Area mode:              physical library
============================================================


Path 1: MET (80 ps) Setup Check with Pin neo430_imem_inst/rdata_reg[9]/C->D
          Group: C2C
     Startpoint: (R) neo430_cpu_inst_neo430_control_inst_ctrl_reg[2]/C
          Clock: (R) clk_i
       Endpoint: (F) neo430_imem_inst/rdata_reg[9]/D
          Clock: (R) clk_i

                     Capture       Launch     
        Clock Edge:+    5000            0     
       Src Latency:+       0            0     
       Net Latency:+       0 (I)        0 (I) 
           Arrival:=    5000            0     
                                              
             Setup:-     136                  
     Required Time:=    4864                  
      Launch Clock:-       0                  
         Data Path:-    4784                  
             Slack:=      80                  

#------------------------------------------------------------------------------------------------------------------
#                   Timing Point                    Flags   Arc   Edge   Cell     Fanout  Load Trans Delay Arrival 
#                                                                                         (fF)  (ps)  (ps)   (ps)  
#------------------------------------------------------------------------------------------------------------------
  neo430_cpu_inst_neo430_control_inst_ctrl_reg[2]/C -       -     R     (arrival)  12844     -     0     -       0 
  neo430_cpu_inst_neo430_control_inst_ctrl_reg[2]/Q -       C->Q  R     DFRX4          5  76.4   180   316     316 
  g11764/Q                                          -       A->Q  R     BUX8           9 103.2    80   110     426 
  g11761/Q                                          -       A->Q  F     INX2           4  33.3    82    68     494 
  g11711/Q                                          -       A->Q  R     NA2X1          1   9.1   127    86     579 
  g11555/Q                                          -       A->Q  R     AO21X1         1  10.6   124   187     766 
  g11421/Q                                          -       B->Q  F     NA2X1          1  12.3    98    76     843 
  g11342/Q                                          -       A->Q  R     NA2X2          1  14.6   121    79     921 
  g11285/Q                                          -       B->Q  R     AND2X4         1  22.8    73   110    1031 
  g11243/Q                                          -       B->Q  F     NA3X4          2  24.3   105    66    1097 
  g11208/Q                                          -       A->Q  R     NA2X4          1  18.0   108    68    1164 
  g11202/Q                                          -       A->Q  F     NA2X4          1  36.3    95    63    1227 
  g11197/Q                                          -       A->Q  F     BUX12         45 329.8   134   154    1381 
  neo430_imem_inst/g200307/Q                        -       B->Q  F     AND2X1         2  21.0   114   195    1576 
  neo430_imem_inst/g200281/Q                        -       A->Q  R     NA2X2          3  31.3   176   119    1695 
  neo430_imem_inst/g200220/Q                        -       B->Q  R     OR2X2         23 185.5   776   506    2200 
  neo430_imem_inst/g199800/Q                        -       A->Q  F     INX4          44 276.0   401   319    2520 
  neo430_imem_inst/g201240/Q                        -       B->Q  F     AND2X1        16 105.2   440   466    2985 
  neo430_imem_inst/g506473/Q                        -       A->Q  F     AO22X1         1   9.9    95   316    3301 
  neo430_imem_inst/g498336/Q                        -       E->Q  R     AN221X1        1   8.6   320   158    3460 
  neo430_imem_inst/g495771/Q                        -       A->Q  R     AND6X1         1   8.6   160   229    3689 
  neo430_imem_inst/g494872/Q                        -       A->Q  R     AND6X1         1   8.7   162   208    3897 
  neo430_imem_inst/g494433/Q                        -       D->Q  R     AND6X1         1   8.6   159   219    4116 
  neo430_imem_inst/g494240/Q                        -       A->Q  R     AND6X1         1   8.6   159   208    4324 
  neo430_imem_inst/g494210/Q                        -       A->Q  R     AND6X1         1   8.7   160   208    4532 
  neo430_imem_inst/g494189/Q                        -       A->Q  F     NA6X1          1   9.7    82   252    4784 
  neo430_imem_inst/rdata_reg[9]/D                   -       -     F     DFRQX1         1     -     -     0    4784 
#------------------------------------------------------------------------------------------------------------------

