============================================================
  Generated by:           Genus(TM) Synthesis Solution GENUS15.22 - 15.20-s024_1
  Generated on:           Feb 22 2023  12:54:40 pm
  Module:                 neo430_top
  Interconnect mode:      global
  Area mode:              physical library
============================================================

                                   Leakage     Internal    
  Gate    Instances     Area     Power (nW)   Power (nW)               Library            
------------------------------------------------------------------------------------------
AN211X0           3       46.116      0.078         72.356    D_CELLS_MOSST_typ_1_80V_25C 
AN211X1         364     6714.490      8.124     149925.850    D_CELLS_MOSST_typ_1_80V_25C 
AN21X1          200     2459.520      4.759      86942.858    D_CELLS_MOSST_typ_1_80V_25C 
AN221X0           8      147.571      0.271          1.653    D_CELLS_MOSST_typ_1_80V_25C 
AN221X1        6299   135559.519    181.153     136995.463    D_CELLS_MOSST_typ_1_80V_25C 
AN222X0           4       86.083      0.173          0.000    D_CELLS_MOSST_typ_1_80V_25C 
AN222X1         600    14757.120     22.369      39278.003    D_CELLS_MOSST_typ_1_80V_25C 
AN22X1        10890   167401.080    333.245      37430.927    D_CELLS_MOSST_typ_1_80V_25C 
AN311X0           1       18.446      0.028         19.888    D_CELLS_MOSST_typ_1_80V_25C 
AN311X1           3       64.562      0.071       2615.756    D_CELLS_MOSST_typ_1_80V_25C 
AN31X1           65      999.180      1.601      44128.530    D_CELLS_MOSST_typ_1_80V_25C 
AN321X1          10      245.952      0.302      16232.032    D_CELLS_MOSST_typ_1_80V_25C 
AN32X1           11      202.910      0.336      15404.473    D_CELLS_MOSST_typ_1_80V_25C 
AN33X1            7      150.646      0.210      22247.567    D_CELLS_MOSST_typ_1_80V_25C 
AND2X1         7122    87583.507    202.179     360826.765    D_CELLS_MOSST_typ_1_80V_25C 
AND2X2           26      479.606      1.141      22907.873    D_CELLS_MOSST_typ_1_80V_25C 
AND2X4           13      359.705      1.152      24534.003    D_CELLS_MOSST_typ_1_80V_25C 
AND3X1           69     1060.668      1.620     130428.161    D_CELLS_MOSST_typ_1_80V_25C 
AND3X2            2       43.042      0.075          4.167    D_CELLS_MOSST_typ_1_80V_25C 
AND3X4            2       67.637      0.156          8.594    D_CELLS_MOSST_typ_1_80V_25C 
AND4X1           32      787.046      1.364     108878.861    D_CELLS_MOSST_typ_1_80V_25C 
AND5X1           34      940.766      1.264      58112.459    D_CELLS_MOSST_typ_1_80V_25C 
AND6X1         3087    94906.728    100.781     281944.298    D_CELLS_MOSST_typ_1_80V_25C 
AO211X0           2       36.893      0.132       2118.012    D_CELLS_MOSST_typ_1_80V_25C 
AO211X1          10      215.208      0.394      25137.713    D_CELLS_MOSST_typ_1_80V_25C 
AO211X2           1       27.670      0.063        455.419    D_CELLS_MOSST_typ_1_80V_25C 
AO21X0           17      261.324      1.087       3909.314    D_CELLS_MOSST_typ_1_80V_25C 
AO21X1           65     1199.016      2.641      79888.513    D_CELLS_MOSST_typ_1_80V_25C 
AO21X2            1       24.595      0.061          1.618    D_CELLS_MOSST_typ_1_80V_25C 
AO21X4            1       27.670      0.100          0.000    D_CELLS_MOSST_typ_1_80V_25C 
AO221X1          90     2213.568      3.897     174534.943    D_CELLS_MOSST_typ_1_80V_25C 
AO221X2           3      101.455      0.197       1857.284    D_CELLS_MOSST_typ_1_80V_25C 
AO222X0           6      147.571      0.450      23685.458    D_CELLS_MOSST_typ_1_80V_25C 
AO222X1          92     2545.603      4.366     216624.971    D_CELLS_MOSST_typ_1_80V_25C 
AO22X0           10      184.464      0.633       1441.775    D_CELLS_MOSST_typ_1_80V_25C 
AO22X1         5231   112575.305    217.646     102862.494    D_CELLS_MOSST_typ_1_80V_25C 
AO22X2           14      387.374      0.821      49035.583    D_CELLS_MOSST_typ_1_80V_25C 
AO22X4            2       61.488      0.192      17444.007    D_CELLS_MOSST_typ_1_80V_25C 
AO311X1           1       21.521      0.038          4.427    D_CELLS_MOSST_typ_1_80V_25C 
AO31X1           24      516.499      0.895      25608.276    D_CELLS_MOSST_typ_1_80V_25C 
AO321X1           3       83.009      0.124       6801.251    D_CELLS_MOSST_typ_1_80V_25C 
AO32X1            3       73.786      0.113        290.977    D_CELLS_MOSST_typ_1_80V_25C 
BUCX16           15     1014.552      5.075     875350.864    D_CELLS_MOSST_typ_1_80V_25C 
BUCX8             1       39.967      0.172      29969.259    D_CELLS_MOSST_typ_1_80V_25C 
BUX1              8       98.381      0.313      11261.709    D_CELLS_MOSST_typ_1_80V_25C 
BUX12             3      184.464      1.119     135390.700    D_CELLS_MOSST_typ_1_80V_25C 
BUX2              6       92.232      0.385      32227.051    D_CELLS_MOSST_typ_1_80V_25C 
BUX20             4      393.523      2.523     329781.251    D_CELLS_MOSST_typ_1_80V_25C 
BUX3              1       21.521      0.097          0.000    D_CELLS_MOSST_typ_1_80V_25C 
BUX4              3       73.786      0.385      22044.377    D_CELLS_MOSST_typ_1_80V_25C 
BUX6              2       67.637      0.372      30763.112    D_CELLS_MOSST_typ_1_80V_25C 
DFRQX1        47875  2502177.300   7124.949  390846946.342    D_CELLS_MOSST_typ_1_80V_25C 
DFRQX2           10      553.392      1.562     132864.126    D_CELLS_MOSST_typ_1_80V_25C 
DFRRQX1          17     1045.296      1.592     239149.647    D_CELLS_MOSST_typ_1_80V_25C 
DFRRX1            3      193.687      0.281      48592.735    D_CELLS_MOSST_typ_1_80V_25C 
DFRX1          2568   142111.066    382.203   21500100.741    D_CELLS_MOSST_typ_1_80V_25C 
DFRX4             7      581.062      1.249     118983.062    D_CELLS_MOSST_typ_1_80V_25C 
DLLQX1         6223   229583.894    589.424   65720084.413    D_CELLS_MOSST_typ_1_80V_25C 
EN2X0            33      507.276      1.565      43849.316    D_CELLS_MOSST_typ_1_80V_25C 
EN2X1            35      753.228      1.589     112284.788    D_CELLS_MOSST_typ_1_80V_25C 
EN2X4             1       36.893      0.125      28555.940    D_CELLS_MOSST_typ_1_80V_25C 
EN3X1             1       39.967      0.090      10250.227    D_CELLS_MOSST_typ_1_80V_25C 
EO2X0             1       15.372      0.072       4201.308    D_CELLS_MOSST_typ_1_80V_25C 
EO2X1            75     1614.060      3.807     294348.427    D_CELLS_MOSST_typ_1_80V_25C 
EO3X0             2       55.339      0.291       3853.532    D_CELLS_MOSST_typ_1_80V_25C 
EO3X1             6      239.803      0.565      67231.059    D_CELLS_MOSST_typ_1_80V_25C 
FAX0              2      104.530      0.205       8836.199    D_CELLS_MOSST_typ_1_80V_25C 
FAX1             58     3387.989      4.203     327855.463    D_CELLS_MOSST_typ_1_80V_25C 
FAX2              7      451.937      0.595      29190.874    D_CELLS_MOSST_typ_1_80V_25C 
HAX1             52     1598.688      2.894     129006.517    D_CELLS_MOSST_typ_1_80V_25C 
HAX2              1       36.893      0.063       5841.822    D_CELLS_MOSST_typ_1_80V_25C 
INCX12            5      292.068      1.359     159919.300    D_CELLS_MOSST_typ_1_80V_25C 
INCX16            5      368.928      1.831     186464.404    D_CELLS_MOSST_typ_1_80V_25C 
INCX20            1       86.083      0.461      77663.641    D_CELLS_MOSST_typ_1_80V_25C 
INX0              1        6.149      0.027          0.000    D_CELLS_MOSST_typ_1_80V_25C 
INX1            896     5509.325     17.976     466299.325    D_CELLS_MOSST_typ_1_80V_25C 
INX12             7      408.895      2.374     196725.559    D_CELLS_MOSST_typ_1_80V_25C 
INX16             3      221.357      1.414     139927.922    D_CELLS_MOSST_typ_1_80V_25C 
INX2             99      913.097      3.996     217635.623    D_CELLS_MOSST_typ_1_80V_25C 
INX20             1       95.306      0.628          0.000    D_CELLS_MOSST_typ_1_80V_25C 
INX3             97     1491.084      5.962     401748.670    D_CELLS_MOSST_typ_1_80V_25C 
INX4             35      645.624      2.956      44302.936    D_CELLS_MOSST_typ_1_80V_25C 
INX6             43      925.394      4.948     388167.091    D_CELLS_MOSST_typ_1_80V_25C 
INX8             26      799.344      4.296     369866.775    D_CELLS_MOSST_typ_1_80V_25C 
ITLX1             2       36.893      0.075       7157.012    D_CELLS_MOSST_typ_1_80V_25C 
MU2IX1           22      405.821      1.021      47184.295    D_CELLS_MOSST_typ_1_80V_25C 
MU2IX2            3      110.678      0.301      25453.494    D_CELLS_MOSST_typ_1_80V_25C 
MU2X1            39      959.213      2.408      60710.289    D_CELLS_MOSST_typ_1_80V_25C 
MU2X2             8      196.762      0.612      64495.458    D_CELLS_MOSST_typ_1_80V_25C 
MU2X4             4      122.976      0.482      66084.644    D_CELLS_MOSST_typ_1_80V_25C 
MU4IX1            1       52.265      0.129          0.000    D_CELLS_MOSST_typ_1_80V_25C 
MU4X1            17      783.972      2.011       5055.588    D_CELLS_MOSST_typ_1_80V_25C 
NA2I1X0           2       24.595      0.102       2052.798    D_CELLS_MOSST_typ_1_80V_25C 
NA2I1X1          99     1521.828      3.874     155833.163    D_CELLS_MOSST_typ_1_80V_25C 
NA2I1X2          24      442.714      1.315      81590.478    D_CELLS_MOSST_typ_1_80V_25C 
NA2I1X4          13      399.672      1.388      46266.102    D_CELLS_MOSST_typ_1_80V_25C 
NA2X0             2       18.446      0.051       2311.615    D_CELLS_MOSST_typ_1_80V_25C 
NA2X1           750     6917.400     14.218     347744.143    D_CELLS_MOSST_typ_1_80V_25C 
NA2X2           103     1583.316      3.905      97121.193    D_CELLS_MOSST_typ_1_80V_25C 
NA2X4            65     1998.360      4.928     179721.799    D_CELLS_MOSST_typ_1_80V_25C 
NA3I1X0           1       15.372      0.047        502.901    D_CELLS_MOSST_typ_1_80V_25C 
NA3I1X1          28      516.499      1.040      46386.068    D_CELLS_MOSST_typ_1_80V_25C 
NA3I1X2           4      110.678      0.204       4153.171    D_CELLS_MOSST_typ_1_80V_25C 
NA3I1X4           2       79.934      0.202        925.033    D_CELLS_MOSST_typ_1_80V_25C 
NA3I2X1           4       86.083      0.229       2736.093    D_CELLS_MOSST_typ_1_80V_25C 
NA3I2X2           2       61.488      0.136        196.348    D_CELLS_MOSST_typ_1_80V_25C 
NA3I2X4           1       49.190      0.135        524.140    D_CELLS_MOSST_typ_1_80V_25C 
NA3X1           363     4464.029      6.109      99855.312    D_CELLS_MOSST_typ_1_80V_25C 
NA3X2            18      442.714      0.610       2888.321    D_CELLS_MOSST_typ_1_80V_25C 
NA3X4             8      368.928      0.542       1222.384    D_CELLS_MOSST_typ_1_80V_25C 
NA4I3X1           1       33.818      0.118       4806.263    D_CELLS_MOSST_typ_1_80V_25C 
NA4X1             1       27.670      0.065       1359.298    D_CELLS_MOSST_typ_1_80V_25C 
NA5I1X1           1       33.818      0.080       2555.670    D_CELLS_MOSST_typ_1_80V_25C 
NA5I2X1           1       33.818      0.093       1687.222    D_CELLS_MOSST_typ_1_80V_25C 
NA5I4X2           1       43.042      0.145      14320.343    D_CELLS_MOSST_typ_1_80V_25C 
NA5X1             5      153.720      0.301      27878.937    D_CELLS_MOSST_typ_1_80V_25C 
NA6I1X2           1       39.967      0.104       3264.234    D_CELLS_MOSST_typ_1_80V_25C 
NA6I3X1           1       36.893      0.092       2448.158    D_CELLS_MOSST_typ_1_80V_25C 
NA6I3X2           1       39.967      0.120       3636.957    D_CELLS_MOSST_typ_1_80V_25C 
NA6I4X1           1       39.967      0.112      14222.841    D_CELLS_MOSST_typ_1_80V_25C 
NA6X1            40     1352.736      2.236      62422.509    D_CELLS_MOSST_typ_1_80V_25C 
NO2I1X1         243     2988.317      9.658     222209.288    D_CELLS_MOSST_typ_1_80V_25C 
NO2I1X2          43      925.394      2.413      63476.850    D_CELLS_MOSST_typ_1_80V_25C 
NO2I1X4           4      122.976      0.393      11178.301    D_CELLS_MOSST_typ_1_80V_25C 
NO2X1          9072    83672.870    177.603     403556.456    D_CELLS_MOSST_typ_1_80V_25C 
NO2X2            98     1506.456      3.837      87655.765    D_CELLS_MOSST_typ_1_80V_25C 
NO2X4            39     1079.114      2.806     123365.965    D_CELLS_MOSST_typ_1_80V_25C 
NO3I1X0           1       15.372      0.045        758.648    D_CELLS_MOSST_typ_1_80V_25C 
NO3I1X1          42      774.749      1.538      44077.734    D_CELLS_MOSST_typ_1_80V_25C 
NO3I1X2           2       55.339      0.100       3710.105    D_CELLS_MOSST_typ_1_80V_25C 
NO3I2X1           1       21.521      0.057          0.000    D_CELLS_MOSST_typ_1_80V_25C 
NO3I2X2           1       33.818      0.067          0.000    D_CELLS_MOSST_typ_1_80V_25C 
NO3X0             1       12.298      0.020          0.000    D_CELLS_MOSST_typ_1_80V_25C 
NO3X1            48      737.856      0.787      45843.532    D_CELLS_MOSST_typ_1_80V_25C 
NO3X2             5      122.976      0.164       3728.200    D_CELLS_MOSST_typ_1_80V_25C 
NO3X4             9      359.705      0.563      26902.340    D_CELLS_MOSST_typ_1_80V_25C 
NO4I1X1           1       30.744      0.086         96.141    D_CELLS_MOSST_typ_1_80V_25C 
NO4I2X1           1       30.744      0.073          0.000    D_CELLS_MOSST_typ_1_80V_25C 
NO4X2             3       92.232      0.192       7048.943    D_CELLS_MOSST_typ_1_80V_25C 
NO5I2X1           3      101.455      0.200      18311.110    D_CELLS_MOSST_typ_1_80V_25C 
NO5I2X2           1       36.893      0.075       7725.516    D_CELLS_MOSST_typ_1_80V_25C 
NO5I3X1           5      169.092      0.321      10467.521    D_CELLS_MOSST_typ_1_80V_25C 
NO5I4X1           1       36.893      0.084          0.000    D_CELLS_MOSST_typ_1_80V_25C 
NO5X2             6      202.910      0.352      20397.405    D_CELLS_MOSST_typ_1_80V_25C 
NO5X4             2       79.934      0.183       5798.585    D_CELLS_MOSST_typ_1_80V_25C 
NO6I1X2           1       46.116      0.109      11657.072    D_CELLS_MOSST_typ_1_80V_25C 
NO6I2X2           1       46.116      0.096          0.000    D_CELLS_MOSST_typ_1_80V_25C 
NO6X0             1       33.818      0.061          0.000    D_CELLS_MOSST_typ_1_80V_25C 
NO6X1             8      295.142      0.424      52303.074    D_CELLS_MOSST_typ_1_80V_25C 
NO6X4             2       92.232      0.170          0.000    D_CELLS_MOSST_typ_1_80V_25C 
OA211X1          64     1377.331      1.802      61460.732    D_CELLS_MOSST_typ_1_80V_25C 
OA21X0            1       15.372      0.052          0.000    D_CELLS_MOSST_typ_1_80V_25C 
OA21X1           34      627.178      1.195      41649.610    D_CELLS_MOSST_typ_1_80V_25C 
OA21X4            3       83.009      0.265      31013.088    D_CELLS_MOSST_typ_1_80V_25C 
OA221X1          29      713.261      1.011      39928.153    D_CELLS_MOSST_typ_1_80V_25C 
OA222X1           7      193.687      0.293      13639.242    D_CELLS_MOSST_typ_1_80V_25C 
OA22X1           12      258.250      0.493      12806.689    D_CELLS_MOSST_typ_1_80V_25C 
OA22X2            1       24.595      0.060          2.585    D_CELLS_MOSST_typ_1_80V_25C 
OA22X4            5      153.720      0.518      20022.436    D_CELLS_MOSST_typ_1_80V_25C 
OA311X1           3       64.562      0.091      10834.532    D_CELLS_MOSST_typ_1_80V_25C 
OA31X1            5      107.604      0.181       8200.747    D_CELLS_MOSST_typ_1_80V_25C 
OA321X1           2       55.339      0.074      10243.810    D_CELLS_MOSST_typ_1_80V_25C 
OA32X1            1       24.595      0.043        882.640    D_CELLS_MOSST_typ_1_80V_25C 
ON211X0          10      153.720      0.256       9503.374    D_CELLS_MOSST_typ_1_80V_25C 
ON211X1         598    11030.947     12.341     197489.026    D_CELLS_MOSST_typ_1_80V_25C 
ON21X0            9      110.678      0.278       1663.230    D_CELLS_MOSST_typ_1_80V_25C 
ON21X1          274     4211.928      6.631     107363.290    D_CELLS_MOSST_typ_1_80V_25C 
ON221X0          18      332.035      0.598        822.620    D_CELLS_MOSST_typ_1_80V_25C 
ON221X1         764    18790.733     20.853     116179.946    D_CELLS_MOSST_typ_1_80V_25C 
ON222X0           1       21.521      0.040         22.674    D_CELLS_MOSST_typ_1_80V_25C 
ON222X1          41     1134.454      1.425      42165.358    D_CELLS_MOSST_typ_1_80V_25C 
ON22X0            5       76.860      0.178          0.000    D_CELLS_MOSST_typ_1_80V_25C 
ON22X1          146     2693.174      4.464       4332.569    D_CELLS_MOSST_typ_1_80V_25C 
ON311X1           7      129.125      0.152       7039.759    D_CELLS_MOSST_typ_1_80V_25C 
ON31X0            1       15.372      0.030          2.656    D_CELLS_MOSST_typ_1_80V_25C 
ON31X1           45      830.088      1.149      47142.385    D_CELLS_MOSST_typ_1_80V_25C 
ON321X0           2       43.042      0.061       1800.679    D_CELLS_MOSST_typ_1_80V_25C 
ON321X1           3       73.786      0.084       2533.154    D_CELLS_MOSST_typ_1_80V_25C 
ON32X1            3       64.562      0.096       1633.779    D_CELLS_MOSST_typ_1_80V_25C 
ON33X0            3       64.562      0.092       1736.959    D_CELLS_MOSST_typ_1_80V_25C 
OR2X1          6551    80561.578    278.463     223497.523    D_CELLS_MOSST_typ_1_80V_25C 
OR2X2            84     1291.248      5.231      73316.327    D_CELLS_MOSST_typ_1_80V_25C 
OR2X4            65     1598.688      6.961     105563.378    D_CELLS_MOSST_typ_1_80V_25C 
OR3X0             1       15.372      0.062         -0.885    D_CELLS_MOSST_typ_1_80V_25C 
OR3X1            15      276.696      0.600      21581.058    D_CELLS_MOSST_typ_1_80V_25C 
OR4X1            21      516.499      1.197      44627.371    D_CELLS_MOSST_typ_1_80V_25C 
OR4X2             1       30.744      0.069          0.000    D_CELLS_MOSST_typ_1_80V_25C 
OR5X1            31      857.758      1.570     133408.623    D_CELLS_MOSST_typ_1_80V_25C 
OR5X2             2       67.637      0.124        210.344    D_CELLS_MOSST_typ_1_80V_25C 
OR6X1            14      473.458      1.015      61918.510    D_CELLS_MOSST_typ_1_80V_25C 
OR6X2             1       46.116      0.077      14213.499    D_CELLS_MOSST_typ_1_80V_25C 
SDFRQX0           2      129.125      0.382      29176.450    D_CELLS_MOSST_typ_1_80V_25C 
SDFRQX1          86     6081.163     15.771    1063353.686    D_CELLS_MOSST_typ_1_80V_25C 
SDFRRQX1          7      538.020      0.929      57377.408    D_CELLS_MOSST_typ_1_80V_25C 
SDFRX1            4      295.142      0.734      62679.260    D_CELLS_MOSST_typ_1_80V_25C 
------------------------------------------------------------------------------------------
total        112933  3788204.969   9892.303  491398259.779                                


                                              Leakage  Leakage    Internal   Internal 
     Type      Instances     Area    Area % Power (nW) Power %   Power (nW)   Power % 
--------------------------------------------------------------------------------------
sequential         56802 2883289.147   76.1   8119.076    82.1 479819307.869     97.6 
inverter            1219   11762.654    0.3     48.230     0.5   2648721.245      0.5 
buffer                43    1986.062    0.1     10.444     0.1   1466788.323      0.3 
tristate               2      36.893    0.0      0.075     0.0      7157.012      0.0 
logic              54867  891130.212   23.5   1714.479    17.3   7456285.329      1.5 
physical_cells         0       0.000    0.0      0.000     0.0         0.000      0.0 
--------------------------------------------------------------------------------------
total             112933 3788204.969  100.0   9892.303   100.0 491398259.779    100.0 

