============================================================
  Generated by:           Genus(TM) Synthesis Solution GENUS15.22 - 15.20-s024_1
  Generated on:           Feb 22 2023  12:45:04 pm
  Module:                 neo430_top
  Interconnect mode:      global
  Area mode:              physical library
============================================================


Path 1: MET (987 ps) Late External Delay Assertion at pin neo430_wdt_inst_true.neo430_wdt_inst_RC_CG_HIER_INST6223/g12/B
          Group: clk_i
     Startpoint: (F) neo430_wdt_inst_true.neo430_wdt_inst_RC_CG_HIER_INST6223/enl_reg/GN
          Clock: (F) clk_i
       Endpoint: (R) neo430_wdt_inst_true.neo430_wdt_inst_RC_CG_HIER_INST6223/g12/B
          Clock: (R) clk_i

                     Capture       Launch     
        Clock Edge:+    5000         2500     
       Src Latency:+       0            0     
       Net Latency:+       0 (I)        0 (I) 
           Arrival:=    5000         2500     
                                              
      Output Delay:-       0                  
     Required Time:=    5000                  
      Launch Clock:-    2500                  
         Data Path:-    1513                  
             Slack:=     987                  

#-----------------------------------------------------------------------------------------------------------------------------------------
#                            Timing Point                             Flags   Arc   Edge      Cell        Fanout Load Trans Delay Arrival 
#                                                                                                                (fF)  (ps)  (ps)   (ps)  
#-----------------------------------------------------------------------------------------------------------------------------------------
  neo430_wdt_inst_true.neo430_wdt_inst_RC_CG_HIER_INST6223/enl_reg/GN -       -     F     (arrival)            -    -     -     -    2500 
  -                                                                   -       -     R     latch_d_arrival      -    -     -     -    3802 
  neo430_wdt_inst_true.neo430_wdt_inst_RC_CG_HIER_INST6223/enl_reg/Q  -       -     R     DLLQX1               1  9.8   128  1513    4013 
  neo430_wdt_inst_true.neo430_wdt_inst_RC_CG_HIER_INST6223/g12/B      (b)     -     R     AND2X1               -    -     -     0    4013 
#-----------------------------------------------------------------------------------------------------------------------------------------

(b) : Timing paths are broken.

